2026-03-17 00:07:33,977 WARN c.z.h.p.HikariPool$HouseKeeper [HikariPool-1:housekeeper] HikariPool-1 - Thread starvation or clock leap detected (housekeeper delta=17m51s66ms155µs900ns).
2026-03-17 00:07:57,225 INFO o.s.b.a.SpringApplicationAdminMXBeanRegistrar$SpringApplicationAdmin [RMI TCP Connection(29)-127.0.0.1] Application shutdown requested.
2026-03-17 00:07:57,230 INFO o.s.b.t.GracefulShutdown [RMI TCP Connection(29)-127.0.0.1] Commencing graceful shutdown. Waiting for active requests to complete
2026-03-17 00:07:57,231 INFO o.a.j.l.DirectJDKLog [tomcat-shutdown] Pausing ProtocolHandler ["http-nio-8080"]
2026-03-17 00:07:57,235 INFO o.s.b.t.GracefulShutdown [tomcat-shutdown] Graceful shutdown complete
2026-03-17 00:07:57,236 INFO o.a.j.l.DirectJDKLog [RMI TCP Connection(29)-127.0.0.1] Stopping ProtocolHandler ["http-nio-8080"]
2026-03-17 00:07:57,240 INFO o.s.o.j.AbstractEntityManagerFactoryBean [RMI TCP Connection(29)-127.0.0.1] Closing JPA EntityManagerFactory for persistence unit 'default'
2026-03-17 00:07:57,243 INFO c.z.h.HikariDataSource [RMI TCP Connection(29)-127.0.0.1] HikariPool-1 - Shutdown initiated...
2026-03-17 00:07:57,249 INFO c.z.h.HikariDataSource [RMI TCP Connection(29)-127.0.0.1] HikariPool-1 - Shutdown completed.
2026-03-17 00:07:59,940 INFO o.s.b.StartupInfoLogger [main] Starting DataJpaBooksProjectApplication using Java 21.0.8 with PID 16832 (D:\BackEnd RoadMap\new workspace\data-jpa-books-project\target\classes started by HP in D:\BackEnd RoadMap\new workspace\data-jpa-books-project)
2026-03-17 00:07:59,943 DEBUG o.s.b.StartupInfoLogger [main] Running with Spring Boot v4.0.3, Spring v7.0.5
2026-03-17 00:07:59,944 INFO o.s.b.SpringApplication [main] No active profile set, falling back to 1 default profile: "default"
2026-03-17 00:08:00,156 INFO o.h.v.i.u.Version [background-preinit] HV000001: Hibernate Validator 9.0.1.Final
2026-03-17 00:08:00,930 INFO o.s.d.r.c.RepositoryConfigurationDelegate [main] Bootstrapping Spring Data JPA repositories in DEFAULT mode.
2026-03-17 00:08:01,052 INFO o.s.d.r.c.RepositoryConfigurationDelegate [main] Finished Spring Data repository scanning in 107 ms. Found 2 JPA repository interfaces.
2026-03-17 00:08:02,250 INFO o.s.b.t.TomcatWebServer [main] Tomcat initialized with port 8080 (http)
2026-03-17 00:08:02,279 INFO o.a.j.l.DirectJDKLog [main] Initializing ProtocolHandler ["http-nio-8080"]
2026-03-17 00:08:02,283 INFO o.a.j.l.DirectJDKLog [main] Starting service [Tomcat]
2026-03-17 00:08:02,284 INFO o.a.j.l.DirectJDKLog [main] Starting Servlet engine: [Apache Tomcat/11.0.18]
2026-03-17 00:08:02,398 INFO o.s.b.w.c.s.WebApplicationContextInitializer [main] Root WebApplicationContext: initialization completed in 2406 ms
2026-03-17 00:08:02,591 INFO o.h.j.i.u.LogHelper [main] HHH008540: Processing PersistenceUnitInfo [name: default]
2026-03-17 00:08:02,656 INFO o.h.Version [main] HHH000001: Hibernate ORM core version 7.2.4.Final
2026-03-17 00:08:03,148 INFO o.s.o.j.p.SpringPersistenceUnitInfo [main] No LoadTimeWeaver setup: ignoring JPA class transformer
2026-03-17 00:08:03,191 INFO c.z.h.HikariDataSource [main] HikariPool-1 - Starting...
2026-03-17 00:08:03,627 INFO c.z.h.p.HikariPool [main] HikariPool-1 - Added connection com.mysql.cj.jdbc.ConnectionImpl@b87ea8b
2026-03-17 00:08:03,630 INFO c.z.h.HikariDataSource [main] HikariPool-1 - Start completed.
2026-03-17 00:08:03,708 WARN o.h.e.j.d.i.DialectFactoryImpl [main] HHH90000025: MySQLDialect does not need to be specified explicitly using 'hibernate.dialect' (remove the property setting and it will be selected by default)
2026-03-17 00:08:03,737 INFO o.h.e.j.e.i.JdbcEnvironmentInitiator [main] HHH10001005: Database info:
	Database JDBC URL [jdbc:mysql://localhost:3306/book?createDatabaseIfNotExist=true]
	Database driver: MySQL Connector/J
	Database dialect: MySQLDialect
	Database version: 8.0.44
	Default catalog/schema: book/undefined
	Autocommit mode: undefined/unknown
	Isolation level: REPEATABLE_READ [default REPEATABLE_READ]
	JDBC fetch size: none
	Pool: DataSourceConnectionProvider
	Minimum pool size: undefined/unknown
	Maximum pool size: undefined/unknown
2026-03-17 00:08:05,529 INFO o.h.e.t.j.p.i.JtaPlatformInitiator [main] HHH000489: No JTA platform available (set 'hibernate.transaction.jta.platform' to enable JTA platform integration)
2026-03-17 00:08:05,553 INFO o.s.o.j.AbstractEntityManagerFactoryBean [main] Initialized JPA EntityManagerFactory for persistence unit 'default'
2026-03-17 00:08:05,701 INFO o.s.d.j.r.q.QueryEnhancerFactories [main] Hibernate is in classpath; If applicable, HQL parser will be used.
2026-03-17 00:08:07,151 WARN o.s.b.j.a.JpaBaseConfiguration$JpaWebConfiguration [main] spring.jpa.open-in-view is enabled by default. Therefore, database queries may be performed during view rendering. Explicitly configure spring.jpa.open-in-view to disable this warning
2026-03-17 00:08:07,739 INFO o.a.j.l.DirectJDKLog [main] Starting ProtocolHandler ["http-nio-8080"]
2026-03-17 00:08:07,767 INFO o.s.b.t.TomcatWebServer [main] Tomcat started on port 8080 (http) with context path '/'
2026-03-17 00:08:07,776 INFO o.s.b.StartupInfoLogger [main] Started DataJpaBooksProjectApplication in 8.217 seconds (process running for 9.153)
2026-03-17 00:08:52,487 INFO o.s.b.a.SpringApplicationAdminMXBeanRegistrar$SpringApplicationAdmin [RMI TCP Connection(8)-127.0.0.1] Application shutdown requested.
2026-03-17 00:08:52,491 INFO o.s.b.t.GracefulShutdown [RMI TCP Connection(8)-127.0.0.1] Commencing graceful shutdown. Waiting for active requests to complete
2026-03-17 00:08:52,493 INFO o.a.j.l.DirectJDKLog [tomcat-shutdown] Pausing ProtocolHandler ["http-nio-8080"]
2026-03-17 00:08:52,496 INFO o.s.b.t.GracefulShutdown [tomcat-shutdown] Graceful shutdown complete
2026-03-17 00:08:52,497 INFO o.a.j.l.DirectJDKLog [RMI TCP Connection(8)-127.0.0.1] Stopping ProtocolHandler ["http-nio-8080"]
2026-03-17 00:08:52,501 INFO o.s.o.j.AbstractEntityManagerFactoryBean [RMI TCP Connection(8)-127.0.0.1] Closing JPA EntityManagerFactory for persistence unit 'default'
2026-03-17 00:08:52,503 INFO c.z.h.HikariDataSource [RMI TCP Connection(8)-127.0.0.1] HikariPool-1 - Shutdown initiated...
2026-03-17 00:08:52,510 INFO c.z.h.HikariDataSource [RMI TCP Connection(8)-127.0.0.1] HikariPool-1 - Shutdown completed.
2026-03-17 00:08:54,812 INFO o.s.b.StartupInfoLogger [main] Starting DataJpaBooksProjectApplication using Java 21.0.8 with PID 15636 (D:\BackEnd RoadMap\new workspace\data-jpa-books-project\target\classes started by HP in D:\BackEnd RoadMap\new workspace\data-jpa-books-project)
2026-03-17 00:08:54,814 DEBUG o.s.b.StartupInfoLogger [main] Running with Spring Boot v4.0.3, Spring v7.0.5
2026-03-17 00:08:54,815 INFO o.s.b.SpringApplication [main] No active profile set, falling back to 1 default profile: "default"
2026-03-17 00:08:55,014 INFO o.h.v.i.u.Version [background-preinit] HV000001: Hibernate Validator 9.0.1.Final
2026-03-17 00:08:55,522 INFO o.s.d.r.c.RepositoryConfigurationDelegate [main] Bootstrapping Spring Data JPA repositories in DEFAULT mode.
2026-03-17 00:08:55,581 INFO o.s.d.r.c.RepositoryConfigurationDelegate [main] Finished Spring Data repository scanning in 50 ms. Found 2 JPA repository interfaces.
2026-03-17 00:08:56,213 INFO o.s.b.t.TomcatWebServer [main] Tomcat initialized with port 8080 (http)
2026-03-17 00:08:56,225 INFO o.a.j.l.DirectJDKLog [main] Initializing ProtocolHandler ["http-nio-8080"]
2026-03-17 00:08:56,227 INFO o.a.j.l.DirectJDKLog [main] Starting service [Tomcat]
2026-03-17 00:08:56,227 INFO o.a.j.l.DirectJDKLog [main] Starting Servlet engine: [Apache Tomcat/11.0.18]
2026-03-17 00:08:56,282 INFO o.s.b.w.c.s.WebApplicationContextInitializer [main] Root WebApplicationContext: initialization completed in 1421 ms
2026-03-17 00:08:56,447 INFO o.h.j.i.u.LogHelper [main] HHH008540: Processing PersistenceUnitInfo [name: default]
2026-03-17 00:08:56,499 INFO o.h.Version [main] HHH000001: Hibernate ORM core version 7.2.4.Final
2026-03-17 00:08:56,935 INFO o.s.o.j.p.SpringPersistenceUnitInfo [main] No LoadTimeWeaver setup: ignoring JPA class transformer
2026-03-17 00:08:56,968 INFO c.z.h.HikariDataSource [main] HikariPool-1 - Starting...
2026-03-17 00:08:57,306 INFO c.z.h.p.HikariPool [main] HikariPool-1 - Added connection com.mysql.cj.jdbc.ConnectionImpl@5aeebccc
2026-03-17 00:08:57,308 INFO c.z.h.HikariDataSource [main] HikariPool-1 - Start completed.
2026-03-17 00:08:57,360 WARN o.h.e.j.d.i.DialectFactoryImpl [main] HHH90000025: MySQLDialect does not need to be specified explicitly using 'hibernate.dialect' (remove the property setting and it will be selected by default)
2026-03-17 00:08:57,380 INFO o.h.e.j.e.i.JdbcEnvironmentInitiator [main] HHH10001005: Database info:
	Database JDBC URL [jdbc:mysql://localhost:3306/book?createDatabaseIfNotExist=true]
	Database driver: MySQL Connector/J
	Database dialect: MySQLDialect
	Database version: 8.0.44
	Default catalog/schema: book/undefined
	Autocommit mode: undefined/unknown
	Isolation level: REPEATABLE_READ [default REPEATABLE_READ]
	JDBC fetch size: none
	Pool: DataSourceConnectionProvider
	Minimum pool size: undefined/unknown
	Maximum pool size: undefined/unknown
2026-03-17 00:08:58,582 INFO o.h.e.t.j.p.i.JtaPlatformInitiator [main] HHH000489: No JTA platform available (set 'hibernate.transaction.jta.platform' to enable JTA platform integration)
2026-03-17 00:08:58,598 INFO o.s.o.j.AbstractEntityManagerFactoryBean [main] Initialized JPA EntityManagerFactory for persistence unit 'default'
2026-03-17 00:08:58,712 INFO o.s.d.j.r.q.QueryEnhancerFactories [main] Hibernate is in classpath; If applicable, HQL parser will be used.
2026-03-17 00:08:59,733 WARN o.s.b.j.a.JpaBaseConfiguration$JpaWebConfiguration [main] spring.jpa.open-in-view is enabled by default. Therefore, database queries may be performed during view rendering. Explicitly configure spring.jpa.open-in-view to disable this warning
2026-03-17 00:09:00,164 INFO o.a.j.l.DirectJDKLog [main] Starting ProtocolHandler ["http-nio-8080"]
2026-03-17 00:09:00,185 INFO o.s.b.t.TomcatWebServer [main] Tomcat started on port 8080 (http) with context path '/'
2026-03-17 00:09:00,192 INFO o.s.b.StartupInfoLogger [main] Started DataJpaBooksProjectApplication in 5.738 seconds (process running for 6.589)
2026-03-17 00:17:55,367 INFO o.s.b.a.SpringApplicationAdminMXBeanRegistrar$SpringApplicationAdmin [RMI TCP Connection(17)-127.0.0.1] Application shutdown requested.
2026-03-17 00:17:55,372 INFO o.s.b.t.GracefulShutdown [RMI TCP Connection(17)-127.0.0.1] Commencing graceful shutdown. Waiting for active requests to complete
2026-03-17 00:17:55,373 INFO o.a.j.l.DirectJDKLog [tomcat-shutdown] Pausing ProtocolHandler ["http-nio-8080"]
2026-03-17 00:17:55,376 INFO o.s.b.t.GracefulShutdown [tomcat-shutdown] Graceful shutdown complete
2026-03-17 00:17:55,377 INFO o.a.j.l.DirectJDKLog [RMI TCP Connection(17)-127.0.0.1] Stopping ProtocolHandler ["http-nio-8080"]
2026-03-17 00:17:55,381 INFO o.s.o.j.AbstractEntityManagerFactoryBean [RMI TCP Connection(17)-127.0.0.1] Closing JPA EntityManagerFactory for persistence unit 'default'
2026-03-17 00:17:55,384 INFO c.z.h.HikariDataSource [RMI TCP Connection(17)-127.0.0.1] HikariPool-1 - Shutdown initiated...
2026-03-17 00:17:55,393 INFO c.z.h.HikariDataSource [RMI TCP Connection(17)-127.0.0.1] HikariPool-1 - Shutdown completed.
2026-03-17 00:17:57,950 INFO o.s.b.StartupInfoLogger [main] Starting DataJpaBooksProjectApplication using Java 21.0.8 with PID 2668 (D:\BackEnd RoadMap\new workspace\data-jpa-books-project\target\classes started by HP in D:\BackEnd RoadMap\new workspace\data-jpa-books-project)
2026-03-17 00:17:57,953 DEBUG o.s.b.StartupInfoLogger [main] Running with Spring Boot v4.0.3, Spring v7.0.5
2026-03-17 00:17:57,954 INFO o.s.b.SpringApplication [main] No active profile set, falling back to 1 default profile: "default"
2026-03-17 00:17:58,174 INFO o.h.v.i.u.Version [background-preinit] HV000001: Hibernate Validator 9.0.1.Final
2026-03-17 00:17:58,694 INFO o.s.d.r.c.RepositoryConfigurationDelegate [main] Bootstrapping Spring Data JPA repositories in DEFAULT mode.
2026-03-17 00:17:58,758 INFO o.s.d.r.c.RepositoryConfigurationDelegate [main] Finished Spring Data repository scanning in 54 ms. Found 2 JPA repository interfaces.
2026-03-17 00:17:59,919 INFO o.s.b.t.TomcatWebServer [main] Tomcat initialized with port 8080 (http)
2026-03-17 00:17:59,941 INFO o.a.j.l.DirectJDKLog [main] Initializing ProtocolHandler ["http-nio-8080"]
2026-03-17 00:17:59,945 INFO o.a.j.l.DirectJDKLog [main] Starting service [Tomcat]
2026-03-17 00:17:59,945 INFO o.a.j.l.DirectJDKLog [main] Starting Servlet engine: [Apache Tomcat/11.0.18]
2026-03-17 00:18:00,067 INFO o.s.b.w.c.s.WebApplicationContextInitializer [main] Root WebApplicationContext: initialization completed in 2056 ms
2026-03-17 00:18:00,419 INFO o.h.j.i.u.LogHelper [main] HHH008540: Processing PersistenceUnitInfo [name: default]
2026-03-17 00:18:00,526 INFO o.h.Version [main] HHH000001: Hibernate ORM core version 7.2.4.Final
2026-03-17 00:18:01,229 INFO o.s.o.j.p.SpringPersistenceUnitInfo [main] No LoadTimeWeaver setup: ignoring JPA class transformer
2026-03-17 00:18:01,265 INFO c.z.h.HikariDataSource [main] HikariPool-1 - Starting...
2026-03-17 00:18:01,632 INFO c.z.h.p.HikariPool [main] HikariPool-1 - Added connection com.mysql.cj.jdbc.ConnectionImpl@f6cde7e
2026-03-17 00:18:01,633 INFO c.z.h.HikariDataSource [main] HikariPool-1 - Start completed.
2026-03-17 00:18:01,693 WARN o.h.e.j.d.i.DialectFactoryImpl [main] HHH90000025: MySQLDialect does not need to be specified explicitly using 'hibernate.dialect' (remove the property setting and it will be selected by default)
2026-03-17 00:18:01,714 INFO o.h.e.j.e.i.JdbcEnvironmentInitiator [main] HHH10001005: Database info:
	Database JDBC URL [jdbc:mysql://localhost:3306/book?createDatabaseIfNotExist=true]
	Database driver: MySQL Connector/J
	Database dialect: MySQLDialect
	Database version: 8.0.44
	Default catalog/schema: book/undefined
	Autocommit mode: undefined/unknown
	Isolation level: REPEATABLE_READ [default REPEATABLE_READ]
	JDBC fetch size: none
	Pool: DataSourceConnectionProvider
	Minimum pool size: undefined/unknown
	Maximum pool size: undefined/unknown
2026-03-17 00:18:02,967 INFO o.h.e.t.j.p.i.JtaPlatformInitiator [main] HHH000489: No JTA platform available (set 'hibernate.transaction.jta.platform' to enable JTA platform integration)
2026-03-17 00:18:02,982 INFO o.s.o.j.AbstractEntityManagerFactoryBean [main] Initialized JPA EntityManagerFactory for persistence unit 'default'
2026-03-17 00:18:03,089 INFO o.s.d.j.r.q.QueryEnhancerFactories [main] Hibernate is in classpath; If applicable, HQL parser will be used.
2026-03-17 00:18:04,065 WARN o.s.b.j.a.JpaBaseConfiguration$JpaWebConfiguration [main] spring.jpa.open-in-view is enabled by default. Therefore, database queries may be performed during view rendering. Explicitly configure spring.jpa.open-in-view to disable this warning
2026-03-17 00:18:04,505 INFO o.a.j.l.DirectJDKLog [main] Starting ProtocolHandler ["http-nio-8080"]
2026-03-17 00:18:04,523 INFO o.s.b.t.TomcatWebServer [main] Tomcat started on port 8080 (http) with context path '/'
2026-03-17 00:18:04,531 INFO o.s.b.StartupInfoLogger [main] Started DataJpaBooksProjectApplication in 6.965 seconds (process running for 7.941)
2026-03-17 00:23:05,769 INFO o.s.b.a.SpringApplicationAdminMXBeanRegistrar$SpringApplicationAdmin [RMI TCP Connection(14)-127.0.0.1] Application shutdown requested.
2026-03-17 00:23:05,775 INFO o.s.b.t.GracefulShutdown [RMI TCP Connection(14)-127.0.0.1] Commencing graceful shutdown. Waiting for active requests to complete
2026-03-17 00:23:05,776 INFO o.a.j.l.DirectJDKLog [tomcat-shutdown] Pausing ProtocolHandler ["http-nio-8080"]
2026-03-17 00:23:05,780 INFO o.s.b.t.GracefulShutdown [tomcat-shutdown] Graceful shutdown complete
2026-03-17 00:23:05,781 INFO o.a.j.l.DirectJDKLog [RMI TCP Connection(14)-127.0.0.1] Stopping ProtocolHandler ["http-nio-8080"]
2026-03-17 00:23:05,785 INFO o.s.o.j.AbstractEntityManagerFactoryBean [RMI TCP Connection(14)-127.0.0.1] Closing JPA EntityManagerFactory for persistence unit 'default'
2026-03-17 00:23:05,788 INFO c.z.h.HikariDataSource [RMI TCP Connection(14)-127.0.0.1] HikariPool-1 - Shutdown initiated...
2026-03-17 00:23:05,793 INFO c.z.h.HikariDataSource [RMI TCP Connection(14)-127.0.0.1] HikariPool-1 - Shutdown completed.
2026-03-17 00:23:08,180 INFO o.s.b.StartupInfoLogger [main] Starting DataJpaBooksProjectApplication using Java 21.0.8 with PID 14256 (D:\BackEnd RoadMap\new workspace\data-jpa-books-project\target\classes started by HP in D:\BackEnd RoadMap\new workspace\data-jpa-books-project)
2026-03-17 00:23:08,182 DEBUG o.s.b.StartupInfoLogger [main] Running with Spring Boot v4.0.3, Spring v7.0.5
2026-03-17 00:23:08,183 INFO o.s.b.SpringApplication [main] No active profile set, falling back to 1 default profile: "default"
2026-03-17 00:23:08,374 INFO o.h.v.i.u.Version [background-preinit] HV000001: Hibernate Validator 9.0.1.Final
2026-03-17 00:23:08,842 INFO o.s.d.r.c.RepositoryConfigurationDelegate [main] Bootstrapping Spring Data JPA repositories in DEFAULT mode.
2026-03-17 00:23:08,901 INFO o.s.d.r.c.RepositoryConfigurationDelegate [main] Finished Spring Data repository scanning in 49 ms. Found 2 JPA repository interfaces.
2026-03-17 00:23:09,512 INFO o.s.b.t.TomcatWebServer [main] Tomcat initialized with port 8080 (http)
2026-03-17 00:23:09,525 INFO o.a.j.l.DirectJDKLog [main] Initializing ProtocolHandler ["http-nio-8080"]
2026-03-17 00:23:09,527 INFO o.a.j.l.DirectJDKLog [main] Starting service [Tomcat]
2026-03-17 00:23:09,527 INFO o.a.j.l.DirectJDKLog [main] Starting Servlet engine: [Apache Tomcat/11.0.18]
2026-03-17 00:23:09,582 INFO o.s.b.w.c.s.WebApplicationContextInitializer [main] Root WebApplicationContext: initialization completed in 1353 ms
2026-03-17 00:23:09,754 INFO o.h.j.i.u.LogHelper [main] HHH008540: Processing PersistenceUnitInfo [name: default]
2026-03-17 00:23:09,805 INFO o.h.Version [main] HHH000001: Hibernate ORM core version 7.2.4.Final
2026-03-17 00:23:10,242 INFO o.s.o.j.p.SpringPersistenceUnitInfo [main] No LoadTimeWeaver setup: ignoring JPA class transformer
2026-03-17 00:23:10,274 INFO c.z.h.HikariDataSource [main] HikariPool-1 - Starting...
2026-03-17 00:23:10,607 INFO c.z.h.p.HikariPool [main] HikariPool-1 - Added connection com.mysql.cj.jdbc.ConnectionImpl@7682bf66
2026-03-17 00:23:10,609 INFO c.z.h.HikariDataSource [main] HikariPool-1 - Start completed.
2026-03-17 00:23:10,661 WARN o.h.e.j.d.i.DialectFactoryImpl [main] HHH90000025: MySQLDialect does not need to be specified explicitly using 'hibernate.dialect' (remove the property setting and it will be selected by default)
2026-03-17 00:23:10,680 INFO o.h.e.j.e.i.JdbcEnvironmentInitiator [main] HHH10001005: Database info:
	Database JDBC URL [jdbc:mysql://localhost:3306/book?createDatabaseIfNotExist=true]
	Database driver: MySQL Connector/J
	Database dialect: MySQLDialect
	Database version: 8.0.44
	Default catalog/schema: book/undefined
	Autocommit mode: undefined/unknown
	Isolation level: REPEATABLE_READ [default REPEATABLE_READ]
	JDBC fetch size: none
	Pool: DataSourceConnectionProvider
	Minimum pool size: undefined/unknown
	Maximum pool size: undefined/unknown
2026-03-17 00:23:11,806 INFO o.h.e.t.j.p.i.JtaPlatformInitiator [main] HHH000489: No JTA platform available (set 'hibernate.transaction.jta.platform' to enable JTA platform integration)
2026-03-17 00:23:11,819 INFO o.s.o.j.AbstractEntityManagerFactoryBean [main] Initialized JPA EntityManagerFactory for persistence unit 'default'
2026-03-17 00:23:11,917 INFO o.s.d.j.r.q.QueryEnhancerFactories [main] Hibernate is in classpath; If applicable, HQL parser will be used.
2026-03-17 00:23:12,803 WARN o.s.b.j.a.JpaBaseConfiguration$JpaWebConfiguration [main] spring.jpa.open-in-view is enabled by default. Therefore, database queries may be performed during view rendering. Explicitly configure spring.jpa.open-in-view to disable this warning
2026-03-17 00:23:13,173 INFO o.a.j.l.DirectJDKLog [main] Starting ProtocolHandler ["http-nio-8080"]
2026-03-17 00:23:13,192 INFO o.s.b.t.TomcatWebServer [main] Tomcat started on port 8080 (http) with context path '/'
2026-03-17 00:23:13,200 INFO o.s.b.StartupInfoLogger [main] Started DataJpaBooksProjectApplication in 5.375 seconds (process running for 6.263)
2026-03-17 00:26:37,422 INFO o.s.b.a.SpringApplicationAdminMXBeanRegistrar$SpringApplicationAdmin [RMI TCP Connection(12)-127.0.0.1] Application shutdown requested.
2026-03-17 00:26:37,427 INFO o.s.b.t.GracefulShutdown [RMI TCP Connection(12)-127.0.0.1] Commencing graceful shutdown. Waiting for active requests to complete
2026-03-17 00:26:37,429 INFO o.a.j.l.DirectJDKLog [tomcat-shutdown] Pausing ProtocolHandler ["http-nio-8080"]
2026-03-17 00:26:37,433 INFO o.s.b.t.GracefulShutdown [tomcat-shutdown] Graceful shutdown complete
2026-03-17 00:26:37,434 INFO o.a.j.l.DirectJDKLog [RMI TCP Connection(12)-127.0.0.1] Stopping ProtocolHandler ["http-nio-8080"]
2026-03-17 00:26:37,438 INFO o.s.o.j.AbstractEntityManagerFactoryBean [RMI TCP Connection(12)-127.0.0.1] Closing JPA EntityManagerFactory for persistence unit 'default'
2026-03-17 00:26:37,441 INFO c.z.h.HikariDataSource [RMI TCP Connection(12)-127.0.0.1] HikariPool-1 - Shutdown initiated...
2026-03-17 00:26:37,448 INFO c.z.h.HikariDataSource [RMI TCP Connection(12)-127.0.0.1] HikariPool-1 - Shutdown completed.
2026-03-17 00:26:39,811 INFO o.s.b.StartupInfoLogger [main] Starting DataJpaBooksProjectApplication using Java 21.0.8 with PID 18924 (D:\BackEnd RoadMap\new workspace\data-jpa-books-project\target\classes started by HP in D:\BackEnd RoadMap\new workspace\data-jpa-books-project)
2026-03-17 00:26:39,814 DEBUG o.s.b.StartupInfoLogger [main] Running with Spring Boot v4.0.3, Spring v7.0.5
2026-03-17 00:26:39,814 INFO o.s.b.SpringApplication [main] No active profile set, falling back to 1 default profile: "default"
2026-03-17 00:26:40,004 INFO o.h.v.i.u.Version [background-preinit] HV000001: Hibernate Validator 9.0.1.Final
2026-03-17 00:26:40,540 INFO o.s.d.r.c.RepositoryConfigurationDelegate [main] Bootstrapping Spring Data JPA repositories in DEFAULT mode.
2026-03-17 00:26:40,598 INFO o.s.d.r.c.RepositoryConfigurationDelegate [main] Finished Spring Data repository scanning in 48 ms. Found 2 JPA repository interfaces.
2026-03-17 00:26:41,228 INFO o.s.b.t.TomcatWebServer [main] Tomcat initialized with port 8080 (http)
2026-03-17 00:26:41,241 INFO o.a.j.l.DirectJDKLog [main] Initializing ProtocolHandler ["http-nio-8080"]
2026-03-17 00:26:41,243 INFO o.a.j.l.DirectJDKLog [main] Starting service [Tomcat]
2026-03-17 00:26:41,243 INFO o.a.j.l.DirectJDKLog [main] Starting Servlet engine: [Apache Tomcat/11.0.18]
2026-03-17 00:26:41,300 INFO o.s.b.w.c.s.WebApplicationContextInitializer [main] Root WebApplicationContext: initialization completed in 1438 ms
2026-03-17 00:26:42,187 INFO o.f.c.i.l.s.Slf4jLog [main] Database: jdbc:mysql://localhost:3306/book (MySQL 8.0)
2026-03-17 00:26:42,253 INFO o.f.c.i.l.s.Slf4jLog [main] Schema history table `book`.`flyway_schema_history` does not exist yet
2026-03-17 00:26:42,257 INFO o.f.c.i.l.s.Slf4jLog [main] Successfully validated 2 migrations (execution time 00:00.039s)
2026-03-17 00:26:42,295 INFO o.f.c.i.l.s.Slf4jLog [main] Creating Schema History table `book`.`flyway_schema_history` with baseline ...
2026-03-17 00:26:42,382 INFO o.f.c.i.l.s.Slf4jLog [main] Successfully baselined schema with version: 1
2026-03-17 00:26:42,407 INFO o.f.c.i.l.s.Slf4jLog [main] Current version of schema `book`: 1
2026-03-17 00:26:42,416 INFO o.f.c.i.l.s.Slf4jLog [main] Migrating schema `book` to version "2 - create test table"
2026-03-17 00:26:42,528 INFO o.f.c.i.l.s.Slf4jLog [main] Successfully applied 1 migration to schema `book`, now at version v2 (execution time 00:00.026s)
2026-03-17 00:26:42,619 INFO o.h.j.i.u.LogHelper [main] HHH008540: Processing PersistenceUnitInfo [name: default]
2026-03-17 00:26:42,674 INFO o.h.Version [main] HHH000001: Hibernate ORM core version 7.2.4.Final
2026-03-17 00:26:43,125 INFO o.s.o.j.p.SpringPersistenceUnitInfo [main] No LoadTimeWeaver setup: ignoring JPA class transformer
2026-03-17 00:26:43,176 INFO c.z.h.HikariDataSource [main] HikariPool-1 - Starting...
2026-03-17 00:26:43,205 INFO c.z.h.p.HikariPool [main] HikariPool-1 - Added connection com.mysql.cj.jdbc.ConnectionImpl@6b6f73d
2026-03-17 00:26:43,208 INFO c.z.h.HikariDataSource [main] HikariPool-1 - Start completed.
2026-03-17 00:26:43,246 WARN o.h.e.j.d.i.DialectFactoryImpl [main] HHH90000025: MySQLDialect does not need to be specified explicitly using 'hibernate.dialect' (remove the property setting and it will be selected by default)
2026-03-17 00:26:43,266 INFO o.h.e.j.e.i.JdbcEnvironmentInitiator [main] HHH10001005: Database info:
	Database JDBC URL [jdbc:mysql://localhost:3306/book?createDatabaseIfNotExist=true]
	Database driver: MySQL Connector/J
	Database dialect: MySQLDialect
	Database version: 8.0.44
	Default catalog/schema: book/undefined
	Autocommit mode: undefined/unknown
	Isolation level: REPEATABLE_READ [default REPEATABLE_READ]
	JDBC fetch size: none
	Pool: DataSourceConnectionProvider
	Minimum pool size: undefined/unknown
	Maximum pool size: undefined/unknown
2026-03-17 00:26:44,282 INFO o.h.e.t.j.p.i.JtaPlatformInitiator [main] HHH000489: No JTA platform available (set 'hibernate.transaction.jta.platform' to enable JTA platform integration)
2026-03-17 00:26:44,297 INFO o.s.o.j.AbstractEntityManagerFactoryBean [main] Initialized JPA EntityManagerFactory for persistence unit 'default'
2026-03-17 00:26:44,394 INFO o.s.d.j.r.q.QueryEnhancerFactories [main] Hibernate is in classpath; If applicable, HQL parser will be used.
2026-03-17 00:26:45,431 WARN o.s.b.j.a.JpaBaseConfiguration$JpaWebConfiguration [main] spring.jpa.open-in-view is enabled by default. Therefore, database queries may be performed during view rendering. Explicitly configure spring.jpa.open-in-view to disable this warning
2026-03-17 00:26:45,819 INFO o.a.j.l.DirectJDKLog [main] Starting ProtocolHandler ["http-nio-8080"]
2026-03-17 00:26:45,837 INFO o.s.b.t.TomcatWebServer [main] Tomcat started on port 8080 (http) with context path '/'
2026-03-17 00:26:45,844 INFO o.s.b.StartupInfoLogger [main] Started DataJpaBooksProjectApplication in 6.384 seconds (process running for 7.284)
2026-03-17 00:57:18,373 WARN c.z.h.p.HikariPool$HouseKeeper [HikariPool-1:housekeeper] HikariPool-1 - Thread starvation or clock leap detected (housekeeper delta=10m4s765ms955µs).
