2026-03-19 00:00:04,821 INFO o.s.b.StartupInfoLogger [main] Starting DataJpaBooksProjectApplication using Java 21.0.8 with PID 15328 (D:\BackEnd RoadMap\new workspace\data-jpa-books-project\target\classes started by HP in D:\BackEnd RoadMap\new workspace\data-jpa-books-project)
2026-03-19 00:00:04,826 DEBUG o.s.b.StartupInfoLogger [main] Running with Spring Boot v4.0.3, Spring v7.0.5
2026-03-19 00:00:04,826 INFO o.s.b.SpringApplication [main] No active profile set, falling back to 1 default profile: "default"
2026-03-19 00:00:05,074 INFO o.h.v.i.u.Version [background-preinit] HV000001: Hibernate Validator 9.0.1.Final
2026-03-19 00:00:06,047 INFO o.s.d.r.c.RepositoryConfigurationDelegate [main] Bootstrapping Spring Data JPA repositories in DEFAULT mode.
2026-03-19 00:00:06,154 INFO o.s.d.r.c.RepositoryConfigurationDelegate [main] Finished Spring Data repository scanning in 91 ms. Found 2 JPA repository interfaces.
2026-03-19 00:00:07,137 INFO o.s.b.t.TomcatWebServer [main] Tomcat initialized with port 8080 (http)
2026-03-19 00:00:07,153 INFO o.a.j.l.DirectJDKLog [main] Initializing ProtocolHandler ["http-nio-8080"]
2026-03-19 00:00:07,156 INFO o.a.j.l.DirectJDKLog [main] Starting service [Tomcat]
2026-03-19 00:00:07,156 INFO o.a.j.l.DirectJDKLog [main] Starting Servlet engine: [Apache Tomcat/11.0.18]
2026-03-19 00:00:07,216 INFO o.s.b.w.c.s.WebApplicationContextInitializer [main] Root WebApplicationContext: initialization completed in 2337 ms
2026-03-19 00:00:08,310 INFO o.f.c.i.l.s.Slf4jLog [main] Database: jdbc:mysql://localhost:3306/book (MySQL 8.0)
2026-03-19 00:00:08,384 INFO o.f.c.i.l.s.Slf4jLog [main] Successfully validated 3 migrations (execution time 00:00.039s)
2026-03-19 00:00:08,411 INFO o.f.c.i.l.s.Slf4jLog [main] Current version of schema `book`: 2
2026-03-19 00:00:08,416 INFO o.f.c.i.l.s.Slf4jLog [main] Schema `book` is up to date. No migration necessary.
2026-03-19 00:00:08,537 INFO o.h.j.i.u.LogHelper [main] HHH008540: Processing PersistenceUnitInfo [name: default]
2026-03-19 00:00:08,604 INFO o.h.Version [main] HHH000001: Hibernate ORM core version 7.2.4.Final
2026-03-19 00:00:09,202 INFO o.s.o.j.p.SpringPersistenceUnitInfo [main] No LoadTimeWeaver setup: ignoring JPA class transformer
2026-03-19 00:00:09,247 INFO c.z.h.HikariDataSource [main] HikariPool-1 - Starting...
2026-03-19 00:00:09,283 INFO c.z.h.p.HikariPool [main] HikariPool-1 - Added connection com.mysql.cj.jdbc.ConnectionImpl@2f16c21f
2026-03-19 00:00:09,288 INFO c.z.h.HikariDataSource [main] HikariPool-1 - Start completed.
2026-03-19 00:00:09,341 WARN o.h.e.j.d.i.DialectFactoryImpl [main] HHH90000025: MySQLDialect does not need to be specified explicitly using 'hibernate.dialect' (remove the property setting and it will be selected by default)
2026-03-19 00:00:09,365 INFO o.h.e.j.e.i.JdbcEnvironmentInitiator [main] HHH10001005: Database info:
	Database JDBC URL [jdbc:mysql://localhost:3306/book?createDatabaseIfNotExist=true]
	Database driver: MySQL Connector/J
	Database dialect: MySQLDialect
	Database version: 8.0.44
	Default catalog/schema: book/undefined
	Autocommit mode: undefined/unknown
	Isolation level: REPEATABLE_READ [default REPEATABLE_READ]
	JDBC fetch size: none
	Pool: DataSourceConnectionProvider
	Minimum pool size: undefined/unknown
	Maximum pool size: undefined/unknown
2026-03-19 00:00:10,623 INFO o.h.e.t.j.p.i.JtaPlatformInitiator [main] HHH000489: No JTA platform available (set 'hibernate.transaction.jta.platform' to enable JTA platform integration)
2026-03-19 00:00:10,642 INFO o.s.o.j.AbstractEntityManagerFactoryBean [main] Initialized JPA EntityManagerFactory for persistence unit 'default'
2026-03-19 00:00:10,762 INFO o.s.d.j.r.q.QueryEnhancerFactories [main] Hibernate is in classpath; If applicable, HQL parser will be used.
2026-03-19 00:00:11,919 WARN o.s.b.j.a.JpaBaseConfiguration$JpaWebConfiguration [main] spring.jpa.open-in-view is enabled by default. Therefore, database queries may be performed during view rendering. Explicitly configure spring.jpa.open-in-view to disable this warning
2026-03-19 00:00:12,642 INFO o.s.b.a.e.w.EndpointLinksResolver [main] Exposing 13 endpoints beneath base path '/actuator'
2026-03-19 00:00:12,763 INFO o.a.j.l.DirectJDKLog [main] Starting ProtocolHandler ["http-nio-8080"]
2026-03-19 00:00:12,790 INFO o.s.b.t.TomcatWebServer [main] Tomcat started on port 8080 (http) with context path '/'
2026-03-19 00:00:12,804 INFO o.s.b.StartupInfoLogger [main] Started DataJpaBooksProjectApplication in 8.425 seconds (process running for 9.663)
2026-03-19 00:00:13,644 WARN o.h.e.j.s.SqlExceptionHelper [main] HHH000247: ErrorCode: 1054, SQLState: 42S22
2026-03-19 00:00:13,645 WARN o.h.e.j.s.SqlExceptionHelper [main] Unknown column 'a1_0.image_path' in 'field list'
2026-03-19 00:00:13,669 INFO o.s.b.a.l.ConditionEvaluationReportLogger [main] 

Error starting ApplicationContext. To display the condition evaluation report re-run your application with 'debug' enabled.
2026-03-19 00:00:13,700 ERROR o.s.b.SpringApplication [main] Application run failed
org.springframework.dao.InvalidDataAccessResourceUsageException: JDBC exception executing SQL [Unknown column 'a1_0.image_path' in 'field list'] [select a1_0.id,(select count(*) from books book where book.author_id = a1_0.id),a1_0.created_by,a1_0.created_date,a1_0.email,a1_0.image_path,a1_0.ip_address,a1_0.last_modified_by,a1_0.last_modified_date,a1_0.name,a1_0.status_code from authors a1_0]; SQL [select a1_0.id,(select count(*) from books book where book.author_id = a1_0.id),a1_0.created_by,a1_0.created_date,a1_0.email,a1_0.image_path,a1_0.ip_address,a1_0.last_modified_by,a1_0.last_modified_date,a1_0.name,a1_0.status_code from authors a1_0]
	at org.springframework.orm.jpa.hibernate.HibernateExceptionTranslator.convertHibernateAccessException(HibernateExceptionTranslator.java:156)
	at org.springframework.orm.jpa.hibernate.HibernateExceptionTranslator.convertHibernateAccessException(HibernateExceptionTranslator.java:131)
	at org.springframework.orm.jpa.hibernate.HibernateExceptionTranslator.translateExceptionIfPossible(HibernateExceptionTranslator.java:105)
	at org.springframework.orm.jpa.vendor.HibernateJpaDialect.translateExceptionIfPossible(HibernateJpaDialect.java:223)
	at org.springframework.orm.jpa.AbstractEntityManagerFactoryBean.translateExceptionIfPossible(AbstractEntityManagerFactoryBean.java:576)
	at org.springframework.dao.support.ChainedPersistenceExceptionTranslator.translateExceptionIfPossible(ChainedPersistenceExceptionTranslator.java:61)
	at org.springframework.dao.support.DataAccessUtils.translateIfNecessary(DataAccessUtils.java:346)
	at org.springframework.dao.support.PersistenceExceptionTranslationInterceptor.invoke(PersistenceExceptionTranslationInterceptor.java:157)
	at org.springframework.aop.framework.ReflectiveMethodInvocation.proceed(ReflectiveMethodInvocation.java:179)
	at org.springframework.data.jpa.repository.support.CrudMethodMetadataPostProcessor$CrudMethodMetadataPopulatingMethodInterceptor.invoke(CrudMethodMetadataPostProcessor.java:166)
	at org.springframework.aop.framework.ReflectiveMethodInvocation.proceed(ReflectiveMethodInvocation.java:179)
	at org.springframework.aop.framework.JdkDynamicAopProxy.invoke(JdkDynamicAopProxy.java:222)
	at jdk.proxy2/jdk.proxy2.$Proxy194.findAll(Unknown Source)
	at com.global.book.base.BaseService.findAll(BaseService.java:44)
	at java.base/jdk.internal.reflect.DirectMethodHandleAccessor.invoke(DirectMethodHandleAccessor.java:103)
	at java.base/java.lang.reflect.Method.invoke(Method.java:580)
	at org.springframework.aop.support.AopUtils.invokeJoinpointUsingReflection(AopUtils.java:359)
	at org.springframework.aop.framework.CglibAopProxy$DynamicAdvisedInterceptor.intercept(CglibAopProxy.java:715)
	at com.global.book.service.AuthorService$$SpringCGLIB$$0.findAll(<generated>)
	at com.global.book.config.StartUpApp.run(StartUpApp.java:27)
	at org.springframework.boot.SpringApplication.lambda$callRunner$1(SpringApplication.java:792)
	at org.springframework.util.function.ThrowingConsumer$1.acceptWithException(ThrowingConsumer.java:82)
	at org.springframework.util.function.ThrowingConsumer.accept(ThrowingConsumer.java:60)
	at org.springframework.util.function.ThrowingConsumer$1.accept(ThrowingConsumer.java:86)
	at org.springframework.boot.SpringApplication.callRunner(SpringApplication.java:800)
	at org.springframework.boot.SpringApplication.callRunner(SpringApplication.java:791)
	at org.springframework.boot.SpringApplication.lambda$callRunners$0(SpringApplication.java:776)
	at java.base/java.util.stream.ForEachOps$ForEachOp$OfRef.accept(ForEachOps.java:184)
	at java.base/java.util.stream.SortedOps$SizedRefSortingSink.end(SortedOps.java:357)
	at java.base/java.util.stream.AbstractPipeline.copyInto(AbstractPipeline.java:510)
	at java.base/java.util.stream.AbstractPipeline.wrapAndCopyInto(AbstractPipeline.java:499)
	at java.base/java.util.stream.ForEachOps$ForEachOp.evaluateSequential(ForEachOps.java:151)
	at java.base/java.util.stream.ForEachOps$ForEachOp$OfRef.evaluateSequential(ForEachOps.java:174)
	at java.base/java.util.stream.AbstractPipeline.evaluate(AbstractPipeline.java:234)
	at java.base/java.util.stream.ReferencePipeline.forEach(ReferencePipeline.java:596)
	at org.springframework.boot.SpringApplication.callRunners(SpringApplication.java:776)
	at org.springframework.boot.SpringApplication.run(SpringApplication.java:328)
	at org.springframework.boot.SpringApplication.run(SpringApplication.java:1365)
	at org.springframework.boot.SpringApplication.run(SpringApplication.java:1354)
	at com.global.book.DataJpaBooksProjectApplication.main(DataJpaBooksProjectApplication.java:10)
Caused by: org.hibernate.exception.SQLGrammarException: JDBC exception executing SQL [Unknown column 'a1_0.image_path' in 'field list'] [select a1_0.id,(select count(*) from books book where book.author_id = a1_0.id),a1_0.created_by,a1_0.created_date,a1_0.email,a1_0.image_path,a1_0.ip_address,a1_0.last_modified_by,a1_0.last_modified_date,a1_0.name,a1_0.status_code from authors a1_0]
	at org.hibernate.exception.internal.SQLExceptionTypeDelegate.convert(SQLExceptionTypeDelegate.java:64)
	at org.hibernate.exception.internal.StandardSQLExceptionConverter.convert(StandardSQLExceptionConverter.java:34)
	at org.hibernate.engine.jdbc.spi.SqlExceptionHelper.convert(SqlExceptionHelper.java:115)
	at org.hibernate.sql.results.jdbc.internal.DeferredResultSetAccess.executeQuery(DeferredResultSetAccess.java:290)
	at org.hibernate.sql.results.jdbc.internal.DeferredResultSetAccess.getResultSet(DeferredResultSetAccess.java:190)
	at org.hibernate.sql.results.jdbc.internal.JdbcValuesResultSetImpl.<init>(JdbcValuesResultSetImpl.java:71)
	at org.hibernate.sql.exec.internal.JdbcSelectExecutorStandardImpl.resolveJdbcValues(JdbcSelectExecutorStandardImpl.java:393)
	at org.hibernate.sql.exec.internal.JdbcSelectExecutorStandardImpl.resolveJdbcValuesSource(JdbcSelectExecutorStandardImpl.java:354)
	at org.hibernate.sql.exec.internal.JdbcSelectExecutorStandardImpl.doExecuteQuery(JdbcSelectExecutorStandardImpl.java:135)
	at org.hibernate.sql.exec.internal.JdbcSelectExecutorStandardImpl.executeQuery(JdbcSelectExecutorStandardImpl.java:100)
	at org.hibernate.sql.exec.spi.JdbcSelectExecutor.executeQuery(JdbcSelectExecutor.java:63)
	at org.hibernate.sql.exec.spi.JdbcSelectExecutor.list(JdbcSelectExecutor.java:137)
	at org.hibernate.query.sqm.internal.ConcreteSqmSelectQueryPlan.lambda$new$1(ConcreteSqmSelectQueryPlan.java:128)
	at org.hibernate.query.sqm.internal.ConcreteSqmSelectQueryPlan.withCacheableSqmInterpretation(ConcreteSqmSelectQueryPlan.java:427)
	at org.hibernate.query.sqm.internal.ConcreteSqmSelectQueryPlan.performList(ConcreteSqmSelectQueryPlan.java:355)
	at org.hibernate.query.sqm.internal.SqmQueryImpl.doList(SqmQueryImpl.java:374)
	at org.hibernate.query.spi.AbstractSelectionQuery.list(AbstractSelectionQuery.java:153)
	at org.hibernate.query.Query.getResultList(Query.java:121)
	at org.springframework.data.jpa.repository.support.SimpleJpaRepository.findAll(SimpleJpaRepository.java:412)
	at java.base/jdk.internal.reflect.DirectMethodHandleAccessor.invoke(DirectMethodHandleAccessor.java:103)
	at java.base/java.lang.reflect.Method.invoke(Method.java:580)
	at org.springframework.aop.support.AopUtils.invokeJoinpointUsingReflection(AopUtils.java:359)
	at org.springframework.data.repository.core.support.RepositoryMethodInvoker$RepositoryFragmentMethodInvoker.lambda$new$0(RepositoryMethodInvoker.java:278)
	at org.springframework.data.repository.core.support.RepositoryMethodInvoker.doInvoke(RepositoryMethodInvoker.java:169)
	at org.springframework.data.repository.core.support.RepositoryMethodInvoker.invoke(RepositoryMethodInvoker.java:158)
	at org.springframework.data.repository.core.support.RepositoryComposition$RepositoryFragments.invoke(RepositoryComposition.java:545)
	at org.springframework.data.repository.core.support.RepositoryComposition.invoke(RepositoryComposition.java:290)
	at org.springframework.data.repository.core.support.RepositoryFactorySupport$ImplementationMethodExecutionInterceptor.invoke(RepositoryFactorySupport.java:690)
	at org.springframework.aop.framework.ReflectiveMethodInvocation.proceed(ReflectiveMethodInvocation.java:179)
	at org.springframework.data.repository.core.support.QueryExecutorMethodInterceptor.doInvoke(QueryExecutorMethodInterceptor.java:171)
	at org.springframework.data.repository.core.support.QueryExecutorMethodInterceptor.invoke(QueryExecutorMethodInterceptor.java:146)
	at org.springframework.aop.framework.ReflectiveMethodInvocation.proceed(ReflectiveMethodInvocation.java:179)
	at org.springframework.data.projection.DefaultMethodInvokingMethodInterceptor.invoke(DefaultMethodInvokingMethodInterceptor.java:69)
	at org.springframework.aop.framework.ReflectiveMethodInvocation.proceed(ReflectiveMethodInvocation.java:179)
	at org.springframework.transaction.interceptor.TransactionInterceptor$1.proceedWithInvocation(TransactionInterceptor.java:133)
	at org.springframework.transaction.interceptor.TransactionAspectSupport.invokeWithinTransaction(TransactionAspectSupport.java:371)
	at org.springframework.transaction.interceptor.TransactionInterceptor.invoke(TransactionInterceptor.java:130)
	at org.springframework.aop.framework.ReflectiveMethodInvocation.proceed(ReflectiveMethodInvocation.java:179)
	at org.springframework.dao.support.PersistenceExceptionTranslationInterceptor.invoke(PersistenceExceptionTranslationInterceptor.java:135)
	... 32 common frames omitted
Caused by: java.sql.SQLSyntaxErrorException: Unknown column 'a1_0.image_path' in 'field list'
	at com.mysql.cj.jdbc.exceptions.SQLError.createSQLException(SQLError.java:112)
	at com.mysql.cj.jdbc.exceptions.SQLExceptionsMapping.translateException(SQLExceptionsMapping.java:114)
	at com.mysql.cj.jdbc.ClientPreparedStatement.executeInternal(ClientPreparedStatement.java:988)
	at com.mysql.cj.jdbc.ClientPreparedStatement.executeQuery(ClientPreparedStatement.java:1056)
	at com.zaxxer.hikari.pool.ProxyPreparedStatement.executeQuery(ProxyPreparedStatement.java:52)
	at com.zaxxer.hikari.pool.HikariProxyPreparedStatement.executeQuery(HikariProxyPreparedStatement.java)
	at org.hibernate.sql.results.jdbc.internal.DeferredResultSetAccess.executeQuery(DeferredResultSetAccess.java:271)
	... 67 common frames omitted
2026-03-19 00:00:13,710 INFO o.s.b.t.GracefulShutdown [main] Commencing graceful shutdown. Waiting for active requests to complete
2026-03-19 00:00:13,716 INFO o.s.b.t.GracefulShutdown [tomcat-shutdown] Graceful shutdown complete
2026-03-19 00:00:13,737 INFO o.s.o.j.AbstractEntityManagerFactoryBean [main] Closing JPA EntityManagerFactory for persistence unit 'default'
2026-03-19 00:00:13,740 INFO c.z.h.HikariDataSource [main] HikariPool-1 - Shutdown initiated...
2026-03-19 00:00:13,747 INFO c.z.h.HikariDataSource [main] HikariPool-1 - Shutdown completed.
2026-03-19 00:00:41,605 INFO o.s.b.StartupInfoLogger [main] Starting DataJpaBooksProjectApplication using Java 21.0.8 with PID 14608 (D:\BackEnd RoadMap\new workspace\data-jpa-books-project\target\classes started by HP in D:\BackEnd RoadMap\new workspace\data-jpa-books-project)
2026-03-19 00:00:41,608 DEBUG o.s.b.StartupInfoLogger [main] Running with Spring Boot v4.0.3, Spring v7.0.5
2026-03-19 00:00:41,609 INFO o.s.b.SpringApplication [main] No active profile set, falling back to 1 default profile: "default"
2026-03-19 00:00:41,827 INFO o.h.v.i.u.Version [background-preinit] HV000001: Hibernate Validator 9.0.1.Final
2026-03-19 00:00:42,679 INFO o.s.d.r.c.RepositoryConfigurationDelegate [main] Bootstrapping Spring Data JPA repositories in DEFAULT mode.
2026-03-19 00:00:42,747 INFO o.s.d.r.c.RepositoryConfigurationDelegate [main] Finished Spring Data repository scanning in 57 ms. Found 2 JPA repository interfaces.
2026-03-19 00:00:43,462 INFO o.s.b.t.TomcatWebServer [main] Tomcat initialized with port 8080 (http)
2026-03-19 00:00:43,475 INFO o.a.j.l.DirectJDKLog [main] Initializing ProtocolHandler ["http-nio-8080"]
2026-03-19 00:00:43,477 INFO o.a.j.l.DirectJDKLog [main] Starting service [Tomcat]
2026-03-19 00:00:43,477 INFO o.a.j.l.DirectJDKLog [main] Starting Servlet engine: [Apache Tomcat/11.0.18]
2026-03-19 00:00:43,529 INFO o.s.b.w.c.s.WebApplicationContextInitializer [main] Root WebApplicationContext: initialization completed in 1876 ms
2026-03-19 00:00:44,323 INFO o.f.c.i.l.s.Slf4jLog [main] Database: jdbc:mysql://localhost:3306/book (MySQL 8.0)
2026-03-19 00:00:44,385 INFO o.f.c.i.l.s.Slf4jLog [main] Successfully validated 3 migrations (execution time 00:00.030s)
2026-03-19 00:00:44,407 INFO o.f.c.i.l.s.Slf4jLog [main] Current version of schema `book`: 2
2026-03-19 00:00:44,411 INFO o.f.c.i.l.s.Slf4jLog [main] Schema `book` is up to date. No migration necessary.
2026-03-19 00:00:44,499 INFO o.h.j.i.u.LogHelper [main] HHH008540: Processing PersistenceUnitInfo [name: default]
2026-03-19 00:00:44,547 INFO o.h.Version [main] HHH000001: Hibernate ORM core version 7.2.4.Final
2026-03-19 00:00:44,966 INFO o.s.o.j.p.SpringPersistenceUnitInfo [main] No LoadTimeWeaver setup: ignoring JPA class transformer
2026-03-19 00:00:44,996 INFO c.z.h.HikariDataSource [main] HikariPool-1 - Starting...
2026-03-19 00:00:45,030 INFO c.z.h.p.HikariPool [main] HikariPool-1 - Added connection com.mysql.cj.jdbc.ConnectionImpl@4fce655d
2026-03-19 00:00:45,032 INFO c.z.h.HikariDataSource [main] HikariPool-1 - Start completed.
2026-03-19 00:00:45,068 WARN o.h.e.j.d.i.DialectFactoryImpl [main] HHH90000025: MySQLDialect does not need to be specified explicitly using 'hibernate.dialect' (remove the property setting and it will be selected by default)
2026-03-19 00:00:45,087 INFO o.h.e.j.e.i.JdbcEnvironmentInitiator [main] HHH10001005: Database info:
	Database JDBC URL [jdbc:mysql://localhost:3306/book?createDatabaseIfNotExist=true]
	Database driver: MySQL Connector/J
	Database dialect: MySQLDialect
	Database version: 8.0.44
	Default catalog/schema: book/undefined
	Autocommit mode: undefined/unknown
	Isolation level: REPEATABLE_READ [default REPEATABLE_READ]
	JDBC fetch size: none
	Pool: DataSourceConnectionProvider
	Minimum pool size: undefined/unknown
	Maximum pool size: undefined/unknown
2026-03-19 00:00:46,032 INFO o.h.e.t.j.p.i.JtaPlatformInitiator [main] HHH000489: No JTA platform available (set 'hibernate.transaction.jta.platform' to enable JTA platform integration)
2026-03-19 00:00:46,047 INFO o.s.o.j.AbstractEntityManagerFactoryBean [main] Initialized JPA EntityManagerFactory for persistence unit 'default'
2026-03-19 00:00:46,142 INFO o.s.d.j.r.q.QueryEnhancerFactories [main] Hibernate is in classpath; If applicable, HQL parser will be used.
2026-03-19 00:00:46,973 WARN o.s.b.j.a.JpaBaseConfiguration$JpaWebConfiguration [main] spring.jpa.open-in-view is enabled by default. Therefore, database queries may be performed during view rendering. Explicitly configure spring.jpa.open-in-view to disable this warning
2026-03-19 00:00:47,517 INFO o.s.b.a.e.w.EndpointLinksResolver [main] Exposing 13 endpoints beneath base path '/actuator'
2026-03-19 00:00:47,597 INFO o.a.j.l.DirectJDKLog [main] Starting ProtocolHandler ["http-nio-8080"]
2026-03-19 00:00:47,625 INFO o.s.b.t.TomcatWebServer [main] Tomcat started on port 8080 (http) with context path '/'
2026-03-19 00:00:47,638 INFO o.s.b.StartupInfoLogger [main] Started DataJpaBooksProjectApplication in 6.407 seconds (process running for 7.294)
2026-03-19 00:00:48,231 WARN o.h.e.j.s.SqlExceptionHelper [main] HHH000247: ErrorCode: 1054, SQLState: 42S22
2026-03-19 00:00:48,232 WARN o.h.e.j.s.SqlExceptionHelper [main] Unknown column 'a1_0.image_path' in 'field list'
2026-03-19 00:00:48,247 INFO o.s.b.a.l.ConditionEvaluationReportLogger [main] 

Error starting ApplicationContext. To display the condition evaluation report re-run your application with 'debug' enabled.
2026-03-19 00:00:48,259 ERROR o.s.b.SpringApplication [main] Application run failed
org.springframework.dao.InvalidDataAccessResourceUsageException: JDBC exception executing SQL [Unknown column 'a1_0.image_path' in 'field list'] [select a1_0.id,(select count(*) from books book where book.author_id = a1_0.id),a1_0.created_by,a1_0.created_date,a1_0.email,a1_0.image_path,a1_0.ip_address,a1_0.last_modified_by,a1_0.last_modified_date,a1_0.name,a1_0.status_code from authors a1_0]; SQL [select a1_0.id,(select count(*) from books book where book.author_id = a1_0.id),a1_0.created_by,a1_0.created_date,a1_0.email,a1_0.image_path,a1_0.ip_address,a1_0.last_modified_by,a1_0.last_modified_date,a1_0.name,a1_0.status_code from authors a1_0]
	at org.springframework.orm.jpa.hibernate.HibernateExceptionTranslator.convertHibernateAccessException(HibernateExceptionTranslator.java:156)
	at org.springframework.orm.jpa.hibernate.HibernateExceptionTranslator.convertHibernateAccessException(HibernateExceptionTranslator.java:131)
	at org.springframework.orm.jpa.hibernate.HibernateExceptionTranslator.translateExceptionIfPossible(HibernateExceptionTranslator.java:105)
	at org.springframework.orm.jpa.vendor.HibernateJpaDialect.translateExceptionIfPossible(HibernateJpaDialect.java:223)
	at org.springframework.orm.jpa.AbstractEntityManagerFactoryBean.translateExceptionIfPossible(AbstractEntityManagerFactoryBean.java:576)
	at org.springframework.dao.support.ChainedPersistenceExceptionTranslator.translateExceptionIfPossible(ChainedPersistenceExceptionTranslator.java:61)
	at org.springframework.dao.support.DataAccessUtils.translateIfNecessary(DataAccessUtils.java:346)
	at org.springframework.dao.support.PersistenceExceptionTranslationInterceptor.invoke(PersistenceExceptionTranslationInterceptor.java:157)
	at org.springframework.aop.framework.ReflectiveMethodInvocation.proceed(ReflectiveMethodInvocation.java:179)
	at org.springframework.data.jpa.repository.support.CrudMethodMetadataPostProcessor$CrudMethodMetadataPopulatingMethodInterceptor.invoke(CrudMethodMetadataPostProcessor.java:166)
	at org.springframework.aop.framework.ReflectiveMethodInvocation.proceed(ReflectiveMethodInvocation.java:179)
	at org.springframework.aop.framework.JdkDynamicAopProxy.invoke(JdkDynamicAopProxy.java:222)
	at jdk.proxy2/jdk.proxy2.$Proxy194.findAll(Unknown Source)
	at com.global.book.base.BaseService.findAll(BaseService.java:44)
	at java.base/jdk.internal.reflect.DirectMethodHandleAccessor.invoke(DirectMethodHandleAccessor.java:103)
	at java.base/java.lang.reflect.Method.invoke(Method.java:580)
	at org.springframework.aop.support.AopUtils.invokeJoinpointUsingReflection(AopUtils.java:359)
	at org.springframework.aop.framework.CglibAopProxy$DynamicAdvisedInterceptor.intercept(CglibAopProxy.java:715)
	at com.global.book.service.AuthorService$$SpringCGLIB$$0.findAll(<generated>)
	at com.global.book.config.StartUpApp.run(StartUpApp.java:27)
	at org.springframework.boot.SpringApplication.lambda$callRunner$1(SpringApplication.java:792)
	at org.springframework.util.function.ThrowingConsumer$1.acceptWithException(ThrowingConsumer.java:82)
	at org.springframework.util.function.ThrowingConsumer.accept(ThrowingConsumer.java:60)
	at org.springframework.util.function.ThrowingConsumer$1.accept(ThrowingConsumer.java:86)
	at org.springframework.boot.SpringApplication.callRunner(SpringApplication.java:800)
	at org.springframework.boot.SpringApplication.callRunner(SpringApplication.java:791)
	at org.springframework.boot.SpringApplication.lambda$callRunners$0(SpringApplication.java:776)
	at java.base/java.util.stream.ForEachOps$ForEachOp$OfRef.accept(ForEachOps.java:184)
	at java.base/java.util.stream.SortedOps$SizedRefSortingSink.end(SortedOps.java:357)
	at java.base/java.util.stream.AbstractPipeline.copyInto(AbstractPipeline.java:510)
	at java.base/java.util.stream.AbstractPipeline.wrapAndCopyInto(AbstractPipeline.java:499)
	at java.base/java.util.stream.ForEachOps$ForEachOp.evaluateSequential(ForEachOps.java:151)
	at java.base/java.util.stream.ForEachOps$ForEachOp$OfRef.evaluateSequential(ForEachOps.java:174)
	at java.base/java.util.stream.AbstractPipeline.evaluate(AbstractPipeline.java:234)
	at java.base/java.util.stream.ReferencePipeline.forEach(ReferencePipeline.java:596)
	at org.springframework.boot.SpringApplication.callRunners(SpringApplication.java:776)
	at org.springframework.boot.SpringApplication.run(SpringApplication.java:328)
	at org.springframework.boot.SpringApplication.run(SpringApplication.java:1365)
	at org.springframework.boot.SpringApplication.run(SpringApplication.java:1354)
	at com.global.book.DataJpaBooksProjectApplication.main(DataJpaBooksProjectApplication.java:10)
Caused by: org.hibernate.exception.SQLGrammarException: JDBC exception executing SQL [Unknown column 'a1_0.image_path' in 'field list'] [select a1_0.id,(select count(*) from books book where book.author_id = a1_0.id),a1_0.created_by,a1_0.created_date,a1_0.email,a1_0.image_path,a1_0.ip_address,a1_0.last_modified_by,a1_0.last_modified_date,a1_0.name,a1_0.status_code from authors a1_0]
	at org.hibernate.exception.internal.SQLExceptionTypeDelegate.convert(SQLExceptionTypeDelegate.java:64)
	at org.hibernate.exception.internal.StandardSQLExceptionConverter.convert(StandardSQLExceptionConverter.java:34)
	at org.hibernate.engine.jdbc.spi.SqlExceptionHelper.convert(SqlExceptionHelper.java:115)
	at org.hibernate.sql.results.jdbc.internal.DeferredResultSetAccess.executeQuery(DeferredResultSetAccess.java:290)
	at org.hibernate.sql.results.jdbc.internal.DeferredResultSetAccess.getResultSet(DeferredResultSetAccess.java:190)
	at org.hibernate.sql.results.jdbc.internal.JdbcValuesResultSetImpl.<init>(JdbcValuesResultSetImpl.java:71)
	at org.hibernate.sql.exec.internal.JdbcSelectExecutorStandardImpl.resolveJdbcValues(JdbcSelectExecutorStandardImpl.java:393)
	at org.hibernate.sql.exec.internal.JdbcSelectExecutorStandardImpl.resolveJdbcValuesSource(JdbcSelectExecutorStandardImpl.java:354)
	at org.hibernate.sql.exec.internal.JdbcSelectExecutorStandardImpl.doExecuteQuery(JdbcSelectExecutorStandardImpl.java:135)
	at org.hibernate.sql.exec.internal.JdbcSelectExecutorStandardImpl.executeQuery(JdbcSelectExecutorStandardImpl.java:100)
	at org.hibernate.sql.exec.spi.JdbcSelectExecutor.executeQuery(JdbcSelectExecutor.java:63)
	at org.hibernate.sql.exec.spi.JdbcSelectExecutor.list(JdbcSelectExecutor.java:137)
	at org.hibernate.query.sqm.internal.ConcreteSqmSelectQueryPlan.lambda$new$1(ConcreteSqmSelectQueryPlan.java:128)
	at org.hibernate.query.sqm.internal.ConcreteSqmSelectQueryPlan.withCacheableSqmInterpretation(ConcreteSqmSelectQueryPlan.java:427)
	at org.hibernate.query.sqm.internal.ConcreteSqmSelectQueryPlan.performList(ConcreteSqmSelectQueryPlan.java:355)
	at org.hibernate.query.sqm.internal.SqmQueryImpl.doList(SqmQueryImpl.java:374)
	at org.hibernate.query.spi.AbstractSelectionQuery.list(AbstractSelectionQuery.java:153)
	at org.hibernate.query.Query.getResultList(Query.java:121)
	at org.springframework.data.jpa.repository.support.SimpleJpaRepository.findAll(SimpleJpaRepository.java:412)
	at java.base/jdk.internal.reflect.DirectMethodHandleAccessor.invoke(DirectMethodHandleAccessor.java:103)
	at java.base/java.lang.reflect.Method.invoke(Method.java:580)
	at org.springframework.aop.support.AopUtils.invokeJoinpointUsingReflection(AopUtils.java:359)
	at org.springframework.data.repository.core.support.RepositoryMethodInvoker$RepositoryFragmentMethodInvoker.lambda$new$0(RepositoryMethodInvoker.java:278)
	at org.springframework.data.repository.core.support.RepositoryMethodInvoker.doInvoke(RepositoryMethodInvoker.java:169)
	at org.springframework.data.repository.core.support.RepositoryMethodInvoker.invoke(RepositoryMethodInvoker.java:158)
	at org.springframework.data.repository.core.support.RepositoryComposition$RepositoryFragments.invoke(RepositoryComposition.java:545)
	at org.springframework.data.repository.core.support.RepositoryComposition.invoke(RepositoryComposition.java:290)
	at org.springframework.data.repository.core.support.RepositoryFactorySupport$ImplementationMethodExecutionInterceptor.invoke(RepositoryFactorySupport.java:690)
	at org.springframework.aop.framework.ReflectiveMethodInvocation.proceed(ReflectiveMethodInvocation.java:179)
	at org.springframework.data.repository.core.support.QueryExecutorMethodInterceptor.doInvoke(QueryExecutorMethodInterceptor.java:171)
	at org.springframework.data.repository.core.support.QueryExecutorMethodInterceptor.invoke(QueryExecutorMethodInterceptor.java:146)
	at org.springframework.aop.framework.ReflectiveMethodInvocation.proceed(ReflectiveMethodInvocation.java:179)
	at org.springframework.data.projection.DefaultMethodInvokingMethodInterceptor.invoke(DefaultMethodInvokingMethodInterceptor.java:69)
	at org.springframework.aop.framework.ReflectiveMethodInvocation.proceed(ReflectiveMethodInvocation.java:179)
	at org.springframework.transaction.interceptor.TransactionInterceptor$1.proceedWithInvocation(TransactionInterceptor.java:133)
	at org.springframework.transaction.interceptor.TransactionAspectSupport.invokeWithinTransaction(TransactionAspectSupport.java:371)
	at org.springframework.transaction.interceptor.TransactionInterceptor.invoke(TransactionInterceptor.java:130)
	at org.springframework.aop.framework.ReflectiveMethodInvocation.proceed(ReflectiveMethodInvocation.java:179)
	at org.springframework.dao.support.PersistenceExceptionTranslationInterceptor.invoke(PersistenceExceptionTranslationInterceptor.java:135)
	... 32 common frames omitted
Caused by: java.sql.SQLSyntaxErrorException: Unknown column 'a1_0.image_path' in 'field list'
	at com.mysql.cj.jdbc.exceptions.SQLError.createSQLException(SQLError.java:112)
	at com.mysql.cj.jdbc.exceptions.SQLExceptionsMapping.translateException(SQLExceptionsMapping.java:114)
	at com.mysql.cj.jdbc.ClientPreparedStatement.executeInternal(ClientPreparedStatement.java:988)
	at com.mysql.cj.jdbc.ClientPreparedStatement.executeQuery(ClientPreparedStatement.java:1056)
	at com.zaxxer.hikari.pool.ProxyPreparedStatement.executeQuery(ProxyPreparedStatement.java:52)
	at com.zaxxer.hikari.pool.HikariProxyPreparedStatement.executeQuery(HikariProxyPreparedStatement.java)
	at org.hibernate.sql.results.jdbc.internal.DeferredResultSetAccess.executeQuery(DeferredResultSetAccess.java:271)
	... 67 common frames omitted
2026-03-19 00:00:48,266 INFO o.s.b.t.GracefulShutdown [main] Commencing graceful shutdown. Waiting for active requests to complete
2026-03-19 00:00:48,270 INFO o.s.b.t.GracefulShutdown [tomcat-shutdown] Graceful shutdown complete
2026-03-19 00:00:48,277 INFO o.s.o.j.AbstractEntityManagerFactoryBean [main] Closing JPA EntityManagerFactory for persistence unit 'default'
2026-03-19 00:00:48,279 INFO c.z.h.HikariDataSource [main] HikariPool-1 - Shutdown initiated...
2026-03-19 00:00:48,286 INFO c.z.h.HikariDataSource [main] HikariPool-1 - Shutdown completed.
2026-03-19 00:04:12,964 INFO o.s.b.StartupInfoLogger [main] Starting DataJpaBooksProjectApplication using Java 21.0.8 with PID 2420 (D:\BackEnd RoadMap\new workspace\data-jpa-books-project\target\classes started by HP in D:\BackEnd RoadMap\new workspace\data-jpa-books-project)
2026-03-19 00:04:12,966 DEBUG o.s.b.StartupInfoLogger [main] Running with Spring Boot v4.0.3, Spring v7.0.5
2026-03-19 00:04:12,968 INFO o.s.b.SpringApplication [main] No active profile set, falling back to 1 default profile: "default"
2026-03-19 00:04:13,188 INFO o.h.v.i.u.Version [background-preinit] HV000001: Hibernate Validator 9.0.1.Final
2026-03-19 00:04:13,964 INFO o.s.d.r.c.RepositoryConfigurationDelegate [main] Bootstrapping Spring Data JPA repositories in DEFAULT mode.
2026-03-19 00:04:14,024 INFO o.s.d.r.c.RepositoryConfigurationDelegate [main] Finished Spring Data repository scanning in 50 ms. Found 2 JPA repository interfaces.
2026-03-19 00:04:14,891 INFO o.s.b.t.TomcatWebServer [main] Tomcat initialized with port 8080 (http)
2026-03-19 00:04:14,906 INFO o.a.j.l.DirectJDKLog [main] Initializing ProtocolHandler ["http-nio-8080"]
2026-03-19 00:04:14,908 INFO o.a.j.l.DirectJDKLog [main] Starting service [Tomcat]
2026-03-19 00:04:14,908 INFO o.a.j.l.DirectJDKLog [main] Starting Servlet engine: [Apache Tomcat/11.0.18]
2026-03-19 00:04:14,969 INFO o.s.b.w.c.s.WebApplicationContextInitializer [main] Root WebApplicationContext: initialization completed in 1949 ms
2026-03-19 00:04:15,892 INFO o.f.c.i.l.s.Slf4jLog [main] Database: jdbc:mysql://localhost:3306/book (MySQL 8.0)
2026-03-19 00:04:15,959 INFO o.f.c.i.l.s.Slf4jLog [main] Successfully validated 3 migrations (execution time 00:00.034s)
2026-03-19 00:04:15,984 INFO o.f.c.i.l.s.Slf4jLog [main] Current version of schema `book`: 2
2026-03-19 00:04:15,989 INFO o.f.c.i.l.s.Slf4jLog [main] Schema `book` is up to date. No migration necessary.
2026-03-19 00:04:16,092 INFO o.h.j.i.u.LogHelper [main] HHH008540: Processing PersistenceUnitInfo [name: default]
2026-03-19 00:04:16,146 INFO o.h.Version [main] HHH000001: Hibernate ORM core version 7.2.4.Final
2026-03-19 00:04:16,629 INFO o.s.o.j.p.SpringPersistenceUnitInfo [main] No LoadTimeWeaver setup: ignoring JPA class transformer
2026-03-19 00:04:16,666 INFO c.z.h.HikariDataSource [main] HikariPool-1 - Starting...
2026-03-19 00:04:16,701 INFO c.z.h.p.HikariPool [main] HikariPool-1 - Added connection com.mysql.cj.jdbc.ConnectionImpl@4ef0bc5b
2026-03-19 00:04:16,703 INFO c.z.h.HikariDataSource [main] HikariPool-1 - Start completed.
2026-03-19 00:04:16,743 WARN o.h.e.j.d.i.DialectFactoryImpl [main] HHH90000025: MySQLDialect does not need to be specified explicitly using 'hibernate.dialect' (remove the property setting and it will be selected by default)
2026-03-19 00:04:16,762 INFO o.h.e.j.e.i.JdbcEnvironmentInitiator [main] HHH10001005: Database info:
	Database JDBC URL [jdbc:mysql://localhost:3306/book?createDatabaseIfNotExist=true]
	Database driver: MySQL Connector/J
	Database dialect: MySQLDialect
	Database version: 8.0.44
	Default catalog/schema: book/undefined
	Autocommit mode: undefined/unknown
	Isolation level: REPEATABLE_READ [default REPEATABLE_READ]
	JDBC fetch size: none
	Pool: DataSourceConnectionProvider
	Minimum pool size: undefined/unknown
	Maximum pool size: undefined/unknown
2026-03-19 00:04:17,839 INFO o.h.e.t.j.p.i.JtaPlatformInitiator [main] HHH000489: No JTA platform available (set 'hibernate.transaction.jta.platform' to enable JTA platform integration)
2026-03-19 00:04:17,851 INFO o.s.o.j.AbstractEntityManagerFactoryBean [main] Initialized JPA EntityManagerFactory for persistence unit 'default'
2026-03-19 00:04:17,961 INFO o.s.d.j.r.q.QueryEnhancerFactories [main] Hibernate is in classpath; If applicable, HQL parser will be used.
2026-03-19 00:04:18,867 WARN o.s.b.j.a.JpaBaseConfiguration$JpaWebConfiguration [main] spring.jpa.open-in-view is enabled by default. Therefore, database queries may be performed during view rendering. Explicitly configure spring.jpa.open-in-view to disable this warning
2026-03-19 00:04:19,580 INFO o.s.b.a.e.w.EndpointLinksResolver [main] Exposing 13 endpoints beneath base path '/actuator'
2026-03-19 00:04:19,665 INFO o.a.j.l.DirectJDKLog [main] Starting ProtocolHandler ["http-nio-8080"]
2026-03-19 00:04:19,685 INFO o.s.b.t.TomcatWebServer [main] Tomcat started on port 8080 (http) with context path '/'
2026-03-19 00:04:19,696 INFO o.s.b.StartupInfoLogger [main] Started DataJpaBooksProjectApplication in 7.109 seconds (process running for 8.117)
2026-03-19 00:04:20,375 WARN o.h.e.j.s.SqlExceptionHelper [main] HHH000247: ErrorCode: 1054, SQLState: 42S22
2026-03-19 00:04:20,376 WARN o.h.e.j.s.SqlExceptionHelper [main] Unknown column 'a1_0.image_path' in 'field list'
2026-03-19 00:04:20,393 INFO o.s.b.a.l.ConditionEvaluationReportLogger [main] 

Error starting ApplicationContext. To display the condition evaluation report re-run your application with 'debug' enabled.
2026-03-19 00:04:20,410 ERROR o.s.b.SpringApplication [main] Application run failed
org.springframework.dao.InvalidDataAccessResourceUsageException: JDBC exception executing SQL [Unknown column 'a1_0.image_path' in 'field list'] [select a1_0.id,(select count(*) from books book where book.author_id = a1_0.id),a1_0.created_by,a1_0.created_date,a1_0.email,a1_0.image_path,a1_0.ip_address,a1_0.last_modified_by,a1_0.last_modified_date,a1_0.name,a1_0.status_code from authors a1_0]; SQL [select a1_0.id,(select count(*) from books book where book.author_id = a1_0.id),a1_0.created_by,a1_0.created_date,a1_0.email,a1_0.image_path,a1_0.ip_address,a1_0.last_modified_by,a1_0.last_modified_date,a1_0.name,a1_0.status_code from authors a1_0]
	at org.springframework.orm.jpa.hibernate.HibernateExceptionTranslator.convertHibernateAccessException(HibernateExceptionTranslator.java:156)
	at org.springframework.orm.jpa.hibernate.HibernateExceptionTranslator.convertHibernateAccessException(HibernateExceptionTranslator.java:131)
	at org.springframework.orm.jpa.hibernate.HibernateExceptionTranslator.translateExceptionIfPossible(HibernateExceptionTranslator.java:105)
	at org.springframework.orm.jpa.vendor.HibernateJpaDialect.translateExceptionIfPossible(HibernateJpaDialect.java:223)
	at org.springframework.orm.jpa.AbstractEntityManagerFactoryBean.translateExceptionIfPossible(AbstractEntityManagerFactoryBean.java:576)
	at org.springframework.dao.support.ChainedPersistenceExceptionTranslator.translateExceptionIfPossible(ChainedPersistenceExceptionTranslator.java:61)
	at org.springframework.dao.support.DataAccessUtils.translateIfNecessary(DataAccessUtils.java:346)
	at org.springframework.dao.support.PersistenceExceptionTranslationInterceptor.invoke(PersistenceExceptionTranslationInterceptor.java:157)
	at org.springframework.aop.framework.ReflectiveMethodInvocation.proceed(ReflectiveMethodInvocation.java:179)
	at org.springframework.data.jpa.repository.support.CrudMethodMetadataPostProcessor$CrudMethodMetadataPopulatingMethodInterceptor.invoke(CrudMethodMetadataPostProcessor.java:166)
	at org.springframework.aop.framework.ReflectiveMethodInvocation.proceed(ReflectiveMethodInvocation.java:179)
	at org.springframework.aop.framework.JdkDynamicAopProxy.invoke(JdkDynamicAopProxy.java:222)
	at jdk.proxy2/jdk.proxy2.$Proxy194.findAll(Unknown Source)
	at com.global.book.base.BaseService.findAll(BaseService.java:44)
	at java.base/jdk.internal.reflect.DirectMethodHandleAccessor.invoke(DirectMethodHandleAccessor.java:103)
	at java.base/java.lang.reflect.Method.invoke(Method.java:580)
	at org.springframework.aop.support.AopUtils.invokeJoinpointUsingReflection(AopUtils.java:359)
	at org.springframework.aop.framework.CglibAopProxy$DynamicAdvisedInterceptor.intercept(CglibAopProxy.java:715)
	at com.global.book.service.AuthorService$$SpringCGLIB$$0.findAll(<generated>)
	at com.global.book.config.StartUpApp.run(StartUpApp.java:27)
	at org.springframework.boot.SpringApplication.lambda$callRunner$1(SpringApplication.java:792)
	at org.springframework.util.function.ThrowingConsumer$1.acceptWithException(ThrowingConsumer.java:82)
	at org.springframework.util.function.ThrowingConsumer.accept(ThrowingConsumer.java:60)
	at org.springframework.util.function.ThrowingConsumer$1.accept(ThrowingConsumer.java:86)
	at org.springframework.boot.SpringApplication.callRunner(SpringApplication.java:800)
	at org.springframework.boot.SpringApplication.callRunner(SpringApplication.java:791)
	at org.springframework.boot.SpringApplication.lambda$callRunners$0(SpringApplication.java:776)
	at java.base/java.util.stream.ForEachOps$ForEachOp$OfRef.accept(ForEachOps.java:184)
	at java.base/java.util.stream.SortedOps$SizedRefSortingSink.end(SortedOps.java:357)
	at java.base/java.util.stream.AbstractPipeline.copyInto(AbstractPipeline.java:510)
	at java.base/java.util.stream.AbstractPipeline.wrapAndCopyInto(AbstractPipeline.java:499)
	at java.base/java.util.stream.ForEachOps$ForEachOp.evaluateSequential(ForEachOps.java:151)
	at java.base/java.util.stream.ForEachOps$ForEachOp$OfRef.evaluateSequential(ForEachOps.java:174)
	at java.base/java.util.stream.AbstractPipeline.evaluate(AbstractPipeline.java:234)
	at java.base/java.util.stream.ReferencePipeline.forEach(ReferencePipeline.java:596)
	at org.springframework.boot.SpringApplication.callRunners(SpringApplication.java:776)
	at org.springframework.boot.SpringApplication.run(SpringApplication.java:328)
	at org.springframework.boot.SpringApplication.run(SpringApplication.java:1365)
	at org.springframework.boot.SpringApplication.run(SpringApplication.java:1354)
	at com.global.book.DataJpaBooksProjectApplication.main(DataJpaBooksProjectApplication.java:10)
Caused by: org.hibernate.exception.SQLGrammarException: JDBC exception executing SQL [Unknown column 'a1_0.image_path' in 'field list'] [select a1_0.id,(select count(*) from books book where book.author_id = a1_0.id),a1_0.created_by,a1_0.created_date,a1_0.email,a1_0.image_path,a1_0.ip_address,a1_0.last_modified_by,a1_0.last_modified_date,a1_0.name,a1_0.status_code from authors a1_0]
	at org.hibernate.exception.internal.SQLExceptionTypeDelegate.convert(SQLExceptionTypeDelegate.java:64)
	at org.hibernate.exception.internal.StandardSQLExceptionConverter.convert(StandardSQLExceptionConverter.java:34)
	at org.hibernate.engine.jdbc.spi.SqlExceptionHelper.convert(SqlExceptionHelper.java:115)
	at org.hibernate.sql.results.jdbc.internal.DeferredResultSetAccess.executeQuery(DeferredResultSetAccess.java:290)
	at org.hibernate.sql.results.jdbc.internal.DeferredResultSetAccess.getResultSet(DeferredResultSetAccess.java:190)
	at org.hibernate.sql.results.jdbc.internal.JdbcValuesResultSetImpl.<init>(JdbcValuesResultSetImpl.java:71)
	at org.hibernate.sql.exec.internal.JdbcSelectExecutorStandardImpl.resolveJdbcValues(JdbcSelectExecutorStandardImpl.java:393)
	at org.hibernate.sql.exec.internal.JdbcSelectExecutorStandardImpl.resolveJdbcValuesSource(JdbcSelectExecutorStandardImpl.java:354)
	at org.hibernate.sql.exec.internal.JdbcSelectExecutorStandardImpl.doExecuteQuery(JdbcSelectExecutorStandardImpl.java:135)
	at org.hibernate.sql.exec.internal.JdbcSelectExecutorStandardImpl.executeQuery(JdbcSelectExecutorStandardImpl.java:100)
	at org.hibernate.sql.exec.spi.JdbcSelectExecutor.executeQuery(JdbcSelectExecutor.java:63)
	at org.hibernate.sql.exec.spi.JdbcSelectExecutor.list(JdbcSelectExecutor.java:137)
	at org.hibernate.query.sqm.internal.ConcreteSqmSelectQueryPlan.lambda$new$1(ConcreteSqmSelectQueryPlan.java:128)
	at org.hibernate.query.sqm.internal.ConcreteSqmSelectQueryPlan.withCacheableSqmInterpretation(ConcreteSqmSelectQueryPlan.java:427)
	at org.hibernate.query.sqm.internal.ConcreteSqmSelectQueryPlan.performList(ConcreteSqmSelectQueryPlan.java:355)
	at org.hibernate.query.sqm.internal.SqmQueryImpl.doList(SqmQueryImpl.java:374)
	at org.hibernate.query.spi.AbstractSelectionQuery.list(AbstractSelectionQuery.java:153)
	at org.hibernate.query.Query.getResultList(Query.java:121)
	at org.springframework.data.jpa.repository.support.SimpleJpaRepository.findAll(SimpleJpaRepository.java:412)
	at java.base/jdk.internal.reflect.DirectMethodHandleAccessor.invoke(DirectMethodHandleAccessor.java:103)
	at java.base/java.lang.reflect.Method.invoke(Method.java:580)
	at org.springframework.aop.support.AopUtils.invokeJoinpointUsingReflection(AopUtils.java:359)
	at org.springframework.data.repository.core.support.RepositoryMethodInvoker$RepositoryFragmentMethodInvoker.lambda$new$0(RepositoryMethodInvoker.java:278)
	at org.springframework.data.repository.core.support.RepositoryMethodInvoker.doInvoke(RepositoryMethodInvoker.java:169)
	at org.springframework.data.repository.core.support.RepositoryMethodInvoker.invoke(RepositoryMethodInvoker.java:158)
	at org.springframework.data.repository.core.support.RepositoryComposition$RepositoryFragments.invoke(RepositoryComposition.java:545)
	at org.springframework.data.repository.core.support.RepositoryComposition.invoke(RepositoryComposition.java:290)
	at org.springframework.data.repository.core.support.RepositoryFactorySupport$ImplementationMethodExecutionInterceptor.invoke(RepositoryFactorySupport.java:690)
	at org.springframework.aop.framework.ReflectiveMethodInvocation.proceed(ReflectiveMethodInvocation.java:179)
	at org.springframework.data.repository.core.support.QueryExecutorMethodInterceptor.doInvoke(QueryExecutorMethodInterceptor.java:171)
	at org.springframework.data.repository.core.support.QueryExecutorMethodInterceptor.invoke(QueryExecutorMethodInterceptor.java:146)
	at org.springframework.aop.framework.ReflectiveMethodInvocation.proceed(ReflectiveMethodInvocation.java:179)
	at org.springframework.data.projection.DefaultMethodInvokingMethodInterceptor.invoke(DefaultMethodInvokingMethodInterceptor.java:69)
	at org.springframework.aop.framework.ReflectiveMethodInvocation.proceed(ReflectiveMethodInvocation.java:179)
	at org.springframework.transaction.interceptor.TransactionInterceptor$1.proceedWithInvocation(TransactionInterceptor.java:133)
	at org.springframework.transaction.interceptor.TransactionAspectSupport.invokeWithinTransaction(TransactionAspectSupport.java:371)
	at org.springframework.transaction.interceptor.TransactionInterceptor.invoke(TransactionInterceptor.java:130)
	at org.springframework.aop.framework.ReflectiveMethodInvocation.proceed(ReflectiveMethodInvocation.java:179)
	at org.springframework.dao.support.PersistenceExceptionTranslationInterceptor.invoke(PersistenceExceptionTranslationInterceptor.java:135)
	... 32 common frames omitted
Caused by: java.sql.SQLSyntaxErrorException: Unknown column 'a1_0.image_path' in 'field list'
	at com.mysql.cj.jdbc.exceptions.SQLError.createSQLException(SQLError.java:112)
	at com.mysql.cj.jdbc.exceptions.SQLExceptionsMapping.translateException(SQLExceptionsMapping.java:114)
	at com.mysql.cj.jdbc.ClientPreparedStatement.executeInternal(ClientPreparedStatement.java:988)
	at com.mysql.cj.jdbc.ClientPreparedStatement.executeQuery(ClientPreparedStatement.java:1056)
	at com.zaxxer.hikari.pool.ProxyPreparedStatement.executeQuery(ProxyPreparedStatement.java:52)
	at com.zaxxer.hikari.pool.HikariProxyPreparedStatement.executeQuery(HikariProxyPreparedStatement.java)
	at org.hibernate.sql.results.jdbc.internal.DeferredResultSetAccess.executeQuery(DeferredResultSetAccess.java:271)
	... 67 common frames omitted
2026-03-19 00:04:20,417 INFO o.s.b.t.GracefulShutdown [main] Commencing graceful shutdown. Waiting for active requests to complete
2026-03-19 00:04:20,422 INFO o.s.b.t.GracefulShutdown [tomcat-shutdown] Graceful shutdown complete
2026-03-19 00:04:20,433 INFO o.s.o.j.AbstractEntityManagerFactoryBean [main] Closing JPA EntityManagerFactory for persistence unit 'default'
2026-03-19 00:04:20,437 INFO c.z.h.HikariDataSource [main] HikariPool-1 - Shutdown initiated...
2026-03-19 00:04:20,444 INFO c.z.h.HikariDataSource [main] HikariPool-1 - Shutdown completed.
2026-03-19 00:09:32,478 INFO o.s.b.StartupInfoLogger [main] Starting DataJpaBooksProjectApplication using Java 21.0.8 with PID 9404 (D:\BackEnd RoadMap\new workspace\data-jpa-books-project\target\classes started by HP in D:\BackEnd RoadMap\new workspace\data-jpa-books-project)
2026-03-19 00:09:32,480 DEBUG o.s.b.StartupInfoLogger [main] Running with Spring Boot v4.0.3, Spring v7.0.5
2026-03-19 00:09:32,481 INFO o.s.b.SpringApplication [main] No active profile set, falling back to 1 default profile: "default"
2026-03-19 00:09:32,677 INFO o.h.v.i.u.Version [background-preinit] HV000001: Hibernate Validator 9.0.1.Final
2026-03-19 00:09:33,412 INFO o.s.d.r.c.RepositoryConfigurationDelegate [main] Bootstrapping Spring Data JPA repositories in DEFAULT mode.
2026-03-19 00:09:33,475 INFO o.s.d.r.c.RepositoryConfigurationDelegate [main] Finished Spring Data repository scanning in 52 ms. Found 2 JPA repository interfaces.
2026-03-19 00:09:34,197 INFO o.s.b.t.TomcatWebServer [main] Tomcat initialized with port 8080 (http)
2026-03-19 00:09:34,210 INFO o.a.j.l.DirectJDKLog [main] Initializing ProtocolHandler ["http-nio-8080"]
2026-03-19 00:09:34,212 INFO o.a.j.l.DirectJDKLog [main] Starting service [Tomcat]
2026-03-19 00:09:34,212 INFO o.a.j.l.DirectJDKLog [main] Starting Servlet engine: [Apache Tomcat/11.0.18]
2026-03-19 00:09:34,262 INFO o.s.b.w.c.s.WebApplicationContextInitializer [main] Root WebApplicationContext: initialization completed in 1738 ms
2026-03-19 00:09:35,113 INFO o.f.c.i.l.s.Slf4jLog [main] Database: jdbc:mysql://localhost:3306/book (MySQL 8.0)
2026-03-19 00:09:35,177 INFO o.f.c.i.l.s.Slf4jLog [main] Successfully validated 3 migrations (execution time 00:00.033s)
2026-03-19 00:09:35,197 INFO o.f.c.i.l.s.Slf4jLog [main] Current version of schema `book`: 2
2026-03-19 00:09:35,201 INFO o.f.c.i.l.s.Slf4jLog [main] Schema `book` is up to date. No migration necessary.
2026-03-19 00:09:35,303 INFO o.h.j.i.u.LogHelper [main] HHH008540: Processing PersistenceUnitInfo [name: default]
2026-03-19 00:09:35,421 INFO o.h.Version [main] HHH000001: Hibernate ORM core version 7.2.4.Final
2026-03-19 00:09:35,897 INFO o.s.o.j.p.SpringPersistenceUnitInfo [main] No LoadTimeWeaver setup: ignoring JPA class transformer
2026-03-19 00:09:35,932 INFO c.z.h.HikariDataSource [main] HikariPool-1 - Starting...
2026-03-19 00:09:35,962 INFO c.z.h.p.HikariPool [main] HikariPool-1 - Added connection com.mysql.cj.jdbc.ConnectionImpl@49616310
2026-03-19 00:09:35,964 INFO c.z.h.HikariDataSource [main] HikariPool-1 - Start completed.
2026-03-19 00:09:36,007 WARN o.h.e.j.d.i.DialectFactoryImpl [main] HHH90000025: MySQLDialect does not need to be specified explicitly using 'hibernate.dialect' (remove the property setting and it will be selected by default)
2026-03-19 00:09:36,026 INFO o.h.e.j.e.i.JdbcEnvironmentInitiator [main] HHH10001005: Database info:
	Database JDBC URL [jdbc:mysql://localhost:3306/book?createDatabaseIfNotExist=true]
	Database driver: MySQL Connector/J
	Database dialect: MySQLDialect
	Database version: 8.0.44
	Default catalog/schema: book/undefined
	Autocommit mode: undefined/unknown
	Isolation level: REPEATABLE_READ [default REPEATABLE_READ]
	JDBC fetch size: none
	Pool: DataSourceConnectionProvider
	Minimum pool size: undefined/unknown
	Maximum pool size: undefined/unknown
2026-03-19 00:09:37,076 INFO o.h.e.t.j.p.i.JtaPlatformInitiator [main] HHH000489: No JTA platform available (set 'hibernate.transaction.jta.platform' to enable JTA platform integration)
2026-03-19 00:09:37,193 INFO o.s.o.j.AbstractEntityManagerFactoryBean [main] Initialized JPA EntityManagerFactory for persistence unit 'default'
2026-03-19 00:09:37,289 INFO o.s.d.j.r.q.QueryEnhancerFactories [main] Hibernate is in classpath; If applicable, HQL parser will be used.
2026-03-19 00:09:38,229 WARN o.s.b.j.a.JpaBaseConfiguration$JpaWebConfiguration [main] spring.jpa.open-in-view is enabled by default. Therefore, database queries may be performed during view rendering. Explicitly configure spring.jpa.open-in-view to disable this warning
2026-03-19 00:09:38,836 INFO o.s.b.a.e.w.EndpointLinksResolver [main] Exposing 13 endpoints beneath base path '/actuator'
2026-03-19 00:09:38,926 INFO o.a.j.l.DirectJDKLog [main] Starting ProtocolHandler ["http-nio-8080"]
2026-03-19 00:09:38,946 INFO o.s.b.t.TomcatWebServer [main] Tomcat started on port 8080 (http) with context path '/'
2026-03-19 00:09:38,957 INFO o.s.b.StartupInfoLogger [main] Started DataJpaBooksProjectApplication in 6.849 seconds (process running for 7.725)
2026-03-19 00:09:39,800 INFO o.a.j.l.DirectJDKLog [RMI TCP Connection(10)-127.0.0.1] Initializing Spring DispatcherServlet 'dispatcherServlet'
2026-03-19 00:09:39,800 INFO o.s.w.s.FrameworkServlet [RMI TCP Connection(10)-127.0.0.1] Initializing Servlet 'dispatcherServlet'
2026-03-19 00:09:39,802 INFO o.s.w.s.FrameworkServlet [RMI TCP Connection(10)-127.0.0.1] Completed initialization in 2 ms
2026-03-19 00:11:17,492 ERROR o.a.j.l.DirectJDKLog [http-nio-8080-exec-2] Servlet.service() for servlet [dispatcherServlet] in context with path [] threw exception [Request processing failed: com.global.book.error.FileStorageException: could not store file20-Artboard 9.pngplease try againcom.global.book.error.RecordNotFoundException: هذا الصف 20 غير موجود	] with root cause
com.global.book.error.FileStorageException: could not store file20-Artboard 9.pngplease try againcom.global.book.error.RecordNotFoundException: هذا الصف 20 غير موجود	
	at com.global.book.service.FileUploadService.storeFile(FileUploadService.java:110)
	at com.global.book.controller.FileUploadController.uploadFile(FileUploadController.java:25)
	at java.base/jdk.internal.reflect.DirectMethodHandleAccessor.invoke(DirectMethodHandleAccessor.java:103)
	at java.base/java.lang.reflect.Method.invoke(Method.java:580)
	at org.springframework.web.method.support.InvocableHandlerMethod.doInvoke(InvocableHandlerMethod.java:252)
	at org.springframework.web.method.support.InvocableHandlerMethod.invokeForRequest(InvocableHandlerMethod.java:184)
	at org.springframework.web.servlet.mvc.method.annotation.ServletInvocableHandlerMethod.invokeAndHandle(ServletInvocableHandlerMethod.java:117)
	at org.springframework.web.servlet.mvc.method.annotation.RequestMappingHandlerAdapter.invokeHandlerMethod(RequestMappingHandlerAdapter.java:934)
	at org.springframework.web.servlet.mvc.method.annotation.RequestMappingHandlerAdapter.handleInternal(RequestMappingHandlerAdapter.java:853)
	at org.springframework.web.servlet.mvc.method.AbstractHandlerMethodAdapter.handle(AbstractHandlerMethodAdapter.java:86)
	at org.springframework.web.servlet.DispatcherServlet.doDispatch(DispatcherServlet.java:963)
	at org.springframework.web.servlet.DispatcherServlet.doService(DispatcherServlet.java:866)
	at org.springframework.web.servlet.FrameworkServlet.processRequest(FrameworkServlet.java:1000)
	at org.springframework.web.servlet.FrameworkServlet.doPost(FrameworkServlet.java:903)
	at jakarta.servlet.http.HttpServlet.service(HttpServlet.java:649)
	at org.springframework.web.servlet.FrameworkServlet.service(FrameworkServlet.java:874)
	at jakarta.servlet.http.HttpServlet.service(HttpServlet.java:710)
	at org.apache.catalina.core.ApplicationFilterChain.doFilter(ApplicationFilterChain.java:128)
	at org.apache.tomcat.websocket.server.WsFilter.doFilter(WsFilter.java:53)
	at org.apache.catalina.core.ApplicationFilterChain.doFilter(ApplicationFilterChain.java:107)
	at org.springframework.web.filter.RequestContextFilter.doFilterInternal(RequestContextFilter.java:100)
	at org.springframework.web.filter.OncePerRequestFilter.doFilter(OncePerRequestFilter.java:116)
	at org.apache.catalina.core.ApplicationFilterChain.doFilter(ApplicationFilterChain.java:107)
	at org.springframework.web.filter.FormContentFilter.doFilterInternal(FormContentFilter.java:93)
	at org.springframework.web.filter.OncePerRequestFilter.doFilter(OncePerRequestFilter.java:116)
	at org.apache.catalina.core.ApplicationFilterChain.doFilter(ApplicationFilterChain.java:107)
	at org.springframework.web.filter.ServerHttpObservationFilter.doFilterInternal(ServerHttpObservationFilter.java:110)
	at org.springframework.web.filter.OncePerRequestFilter.doFilter(OncePerRequestFilter.java:116)
	at org.apache.catalina.core.ApplicationFilterChain.doFilter(ApplicationFilterChain.java:107)
	at org.springframework.web.filter.CharacterEncodingFilter.doFilterInternal(CharacterEncodingFilter.java:199)
	at org.springframework.web.filter.OncePerRequestFilter.doFilter(OncePerRequestFilter.java:116)
	at org.apache.catalina.core.ApplicationFilterChain.doFilter(ApplicationFilterChain.java:107)
	at org.apache.catalina.core.StandardWrapperValve.invoke(StandardWrapperValve.java:165)
	at org.apache.catalina.core.StandardContextValve.invoke(StandardContextValve.java:77)
	at org.apache.catalina.authenticator.AuthenticatorBase.invoke(AuthenticatorBase.java:492)
	at org.apache.catalina.core.StandardHostValve.invoke(StandardHostValve.java:113)
	at org.apache.catalina.valves.ErrorReportValve.invoke(ErrorReportValve.java:83)
	at org.apache.catalina.core.StandardEngineValve.invoke(StandardEngineValve.java:72)
	at org.apache.catalina.connector.CoyoteAdapter.service(CoyoteAdapter.java:341)
	at org.apache.coyote.http11.Http11Processor.service(Http11Processor.java:397)
	at org.apache.coyote.AbstractProcessorLight.process(AbstractProcessorLight.java:63)
	at org.apache.coyote.AbstractProtocol$ConnectionHandler.process(AbstractProtocol.java:903)
	at org.apache.tomcat.util.net.NioEndpoint$SocketProcessor.doRun(NioEndpoint.java:1779)
	at org.apache.tomcat.util.net.SocketProcessorBase.run(SocketProcessorBase.java:52)
	at org.apache.tomcat.util.threads.ThreadPoolExecutor.runWorker(ThreadPoolExecutor.java:946)
	at org.apache.tomcat.util.threads.ThreadPoolExecutor$Worker.run(ThreadPoolExecutor.java:480)
	at org.apache.tomcat.util.threads.TaskThread$WrappingRunnable.run(TaskThread.java:57)
	at java.base/java.lang.Thread.run(Thread.java:1583)
2026-03-19 00:54:10,932 INFO o.s.b.a.SpringApplicationAdminMXBeanRegistrar$SpringApplicationAdmin [RMI TCP Connection(56)-127.0.0.1] Application shutdown requested.
2026-03-19 00:54:10,940 INFO o.s.b.t.GracefulShutdown [RMI TCP Connection(56)-127.0.0.1] Commencing graceful shutdown. Waiting for active requests to complete
2026-03-19 00:54:10,942 INFO o.a.j.l.DirectJDKLog [tomcat-shutdown] Pausing ProtocolHandler ["http-nio-8080"]
2026-03-19 00:54:10,946 INFO o.s.b.t.GracefulShutdown [tomcat-shutdown] Graceful shutdown complete
2026-03-19 00:54:10,947 INFO o.a.j.l.DirectJDKLog [RMI TCP Connection(56)-127.0.0.1] Stopping ProtocolHandler ["http-nio-8080"]
2026-03-19 00:54:10,955 INFO o.s.o.j.AbstractEntityManagerFactoryBean [RMI TCP Connection(56)-127.0.0.1] Closing JPA EntityManagerFactory for persistence unit 'default'
2026-03-19 00:54:10,959 INFO c.z.h.HikariDataSource [RMI TCP Connection(56)-127.0.0.1] HikariPool-1 - Shutdown initiated...
2026-03-19 00:54:10,963 INFO c.z.h.HikariDataSource [RMI TCP Connection(56)-127.0.0.1] HikariPool-1 - Shutdown completed.
