2026-03-18 22:28:53,847 INFO o.s.b.StartupInfoLogger [main] Starting DataJpaBooksProjectApplication using Java 21.0.8 with PID 14092 (D:\BackEnd RoadMap\new workspace\data-jpa-books-project\target\classes started by HP in D:\BackEnd RoadMap\new workspace\data-jpa-books-project)
2026-03-18 22:28:53,851 DEBUG o.s.b.StartupInfoLogger [main] Running with Spring Boot v4.0.3, Spring v7.0.5
2026-03-18 22:28:53,852 INFO o.s.b.SpringApplication [main] No active profile set, falling back to 1 default profile: "default"
2026-03-18 22:28:54,161 INFO o.h.v.i.u.Version [background-preinit] HV000001: Hibernate Validator 9.0.1.Final
2026-03-18 22:28:55,311 INFO o.s.d.r.c.RepositoryConfigurationDelegate [main] Bootstrapping Spring Data JPA repositories in DEFAULT mode.
2026-03-18 22:28:55,386 INFO o.s.d.r.c.RepositoryConfigurationDelegate [main] Finished Spring Data repository scanning in 62 ms. Found 2 JPA repository interfaces.
2026-03-18 22:28:56,228 INFO o.s.b.t.TomcatWebServer [main] Tomcat initialized with port 8080 (http)
2026-03-18 22:28:56,243 INFO o.a.j.l.DirectJDKLog [main] Initializing ProtocolHandler ["http-nio-8080"]
2026-03-18 22:28:56,244 INFO o.a.j.l.DirectJDKLog [main] Starting service [Tomcat]
2026-03-18 22:28:56,245 INFO o.a.j.l.DirectJDKLog [main] Starting Servlet engine: [Apache Tomcat/11.0.18]
2026-03-18 22:28:56,309 INFO o.s.b.w.c.s.WebApplicationContextInitializer [main] Root WebApplicationContext: initialization completed in 2407 ms
2026-03-18 22:28:57,378 INFO o.f.c.i.l.s.Slf4jLog [main] Database: jdbc:mysql://localhost:3306/book (MySQL 8.0)
2026-03-18 22:28:57,503 INFO o.f.c.i.l.s.Slf4jLog [main] Successfully validated 3 migrations (execution time 00:00.079s)
2026-03-18 22:28:57,537 INFO o.f.c.i.l.s.Slf4jLog [main] Current version of schema `book`: 2
2026-03-18 22:28:57,542 INFO o.f.c.i.l.s.Slf4jLog [main] Schema `book` is up to date. No migration necessary.
2026-03-18 22:28:57,669 INFO o.h.j.i.u.LogHelper [main] HHH008540: Processing PersistenceUnitInfo [name: default]
2026-03-18 22:28:57,730 INFO o.h.Version [main] HHH000001: Hibernate ORM core version 7.2.4.Final
2026-03-18 22:28:58,209 INFO o.s.o.j.p.SpringPersistenceUnitInfo [main] No LoadTimeWeaver setup: ignoring JPA class transformer
2026-03-18 22:28:58,242 INFO c.z.h.HikariDataSource [main] HikariPool-1 - Starting...
2026-03-18 22:28:58,285 INFO c.z.h.p.HikariPool [main] HikariPool-1 - Added connection com.mysql.cj.jdbc.ConnectionImpl@1fa77770
2026-03-18 22:28:58,287 INFO c.z.h.HikariDataSource [main] HikariPool-1 - Start completed.
2026-03-18 22:28:58,349 WARN o.h.e.j.d.i.DialectFactoryImpl [main] HHH90000025: MySQLDialect does not need to be specified explicitly using 'hibernate.dialect' (remove the property setting and it will be selected by default)
2026-03-18 22:28:58,377 INFO o.h.e.j.e.i.JdbcEnvironmentInitiator [main] HHH10001005: Database info:
	Database JDBC URL [jdbc:mysql://localhost:3306/book?createDatabaseIfNotExist=true]
	Database driver: MySQL Connector/J
	Database dialect: MySQLDialect
	Database version: 8.0.44
	Default catalog/schema: book/undefined
	Autocommit mode: undefined/unknown
	Isolation level: REPEATABLE_READ [default REPEATABLE_READ]
	JDBC fetch size: none
	Pool: DataSourceConnectionProvider
	Minimum pool size: undefined/unknown
	Maximum pool size: undefined/unknown
2026-03-18 22:28:59,495 INFO o.h.e.t.j.p.i.JtaPlatformInitiator [main] HHH000489: No JTA platform available (set 'hibernate.transaction.jta.platform' to enable JTA platform integration)
2026-03-18 22:28:59,509 INFO o.s.o.j.AbstractEntityManagerFactoryBean [main] Initialized JPA EntityManagerFactory for persistence unit 'default'
2026-03-18 22:28:59,642 INFO o.s.d.j.r.q.QueryEnhancerFactories [main] Hibernate is in classpath; If applicable, HQL parser will be used.
2026-03-18 22:29:00,722 WARN o.s.b.j.a.JpaBaseConfiguration$JpaWebConfiguration [main] spring.jpa.open-in-view is enabled by default. Therefore, database queries may be performed during view rendering. Explicitly configure spring.jpa.open-in-view to disable this warning
2026-03-18 22:29:01,631 INFO o.s.b.a.e.w.EndpointLinksResolver [main] Exposing 13 endpoints beneath base path '/actuator'
2026-03-18 22:29:01,760 INFO o.a.j.l.DirectJDKLog [main] Starting ProtocolHandler ["http-nio-8080"]
2026-03-18 22:29:01,818 INFO o.s.b.t.TomcatWebServer [main] Tomcat started on port 8080 (http) with context path '/'
2026-03-18 22:29:01,828 INFO o.s.b.StartupInfoLogger [main] Started DataJpaBooksProjectApplication in 8.355 seconds (process running for 16.305)
2026-03-18 22:29:02,698 INFO o.a.j.l.DirectJDKLog [RMI TCP Connection(10)-127.0.0.1] Initializing Spring DispatcherServlet 'dispatcherServlet'
2026-03-18 22:29:02,699 INFO o.s.w.s.FrameworkServlet [RMI TCP Connection(10)-127.0.0.1] Initializing Servlet 'dispatcherServlet'
2026-03-18 22:29:02,701 INFO o.s.w.s.FrameworkServlet [RMI TCP Connection(10)-127.0.0.1] Completed initialization in 2 ms
2026-03-18 22:41:00,777 INFO o.s.b.a.SpringApplicationAdminMXBeanRegistrar$SpringApplicationAdmin [RMI TCP Connection(22)-127.0.0.1] Application shutdown requested.
2026-03-18 22:41:00,781 INFO o.s.b.t.GracefulShutdown [RMI TCP Connection(22)-127.0.0.1] Commencing graceful shutdown. Waiting for active requests to complete
2026-03-18 22:41:00,782 INFO o.a.j.l.DirectJDKLog [tomcat-shutdown] Pausing ProtocolHandler ["http-nio-8080"]
2026-03-18 22:41:00,786 INFO o.s.b.t.GracefulShutdown [tomcat-shutdown] Graceful shutdown complete
2026-03-18 22:41:00,800 INFO o.a.j.l.DirectJDKLog [RMI TCP Connection(22)-127.0.0.1] Stopping ProtocolHandler ["http-nio-8080"]
2026-03-18 22:41:00,809 INFO o.s.o.j.AbstractEntityManagerFactoryBean [RMI TCP Connection(22)-127.0.0.1] Closing JPA EntityManagerFactory for persistence unit 'default'
2026-03-18 22:41:00,812 INFO c.z.h.HikariDataSource [RMI TCP Connection(22)-127.0.0.1] HikariPool-1 - Shutdown initiated...
2026-03-18 22:41:00,818 INFO c.z.h.HikariDataSource [RMI TCP Connection(22)-127.0.0.1] HikariPool-1 - Shutdown completed.
2026-03-18 22:41:11,545 INFO o.s.b.StartupInfoLogger [main] Starting DataJpaBooksProjectApplication using Java 21.0.8 with PID 17144 (D:\BackEnd RoadMap\new workspace\data-jpa-books-project\target\classes started by HP in D:\BackEnd RoadMap\new workspace\data-jpa-books-project)
2026-03-18 22:41:11,547 DEBUG o.s.b.StartupInfoLogger [main] Running with Spring Boot v4.0.3, Spring v7.0.5
2026-03-18 22:41:11,548 INFO o.s.b.SpringApplication [main] No active profile set, falling back to 1 default profile: "default"
2026-03-18 22:41:11,821 INFO o.h.v.i.u.Version [background-preinit] HV000001: Hibernate Validator 9.0.1.Final
2026-03-18 22:41:12,747 INFO o.s.d.r.c.RepositoryConfigurationDelegate [main] Bootstrapping Spring Data JPA repositories in DEFAULT mode.
2026-03-18 22:41:12,814 INFO o.s.d.r.c.RepositoryConfigurationDelegate [main] Finished Spring Data repository scanning in 55 ms. Found 2 JPA repository interfaces.
2026-03-18 22:41:13,605 INFO o.s.b.t.TomcatWebServer [main] Tomcat initialized with port 8080 (http)
2026-03-18 22:41:13,619 INFO o.a.j.l.DirectJDKLog [main] Initializing ProtocolHandler ["http-nio-8080"]
2026-03-18 22:41:13,621 INFO o.a.j.l.DirectJDKLog [main] Starting service [Tomcat]
2026-03-18 22:41:13,621 INFO o.a.j.l.DirectJDKLog [main] Starting Servlet engine: [Apache Tomcat/11.0.18]
2026-03-18 22:41:13,677 INFO o.s.b.w.c.s.WebApplicationContextInitializer [main] Root WebApplicationContext: initialization completed in 2078 ms
2026-03-18 22:41:14,600 INFO o.f.c.i.l.s.Slf4jLog [main] Database: jdbc:mysql://localhost:3306/book (MySQL 8.0)
2026-03-18 22:41:14,670 INFO o.f.c.i.l.s.Slf4jLog [main] Successfully validated 3 migrations (execution time 00:00.037s)
2026-03-18 22:41:14,695 INFO o.f.c.i.l.s.Slf4jLog [main] Current version of schema `book`: 2
2026-03-18 22:41:14,700 INFO o.f.c.i.l.s.Slf4jLog [main] Schema `book` is up to date. No migration necessary.
2026-03-18 22:41:14,797 INFO o.h.j.i.u.LogHelper [main] HHH008540: Processing PersistenceUnitInfo [name: default]
2026-03-18 22:41:14,848 INFO o.h.Version [main] HHH000001: Hibernate ORM core version 7.2.4.Final
2026-03-18 22:41:15,403 INFO o.s.o.j.p.SpringPersistenceUnitInfo [main] No LoadTimeWeaver setup: ignoring JPA class transformer
2026-03-18 22:41:15,459 INFO c.z.h.HikariDataSource [main] HikariPool-1 - Starting...
2026-03-18 22:41:15,506 INFO c.z.h.p.HikariPool [main] HikariPool-1 - Added connection com.mysql.cj.jdbc.ConnectionImpl@df5f657
2026-03-18 22:41:15,509 INFO c.z.h.HikariDataSource [main] HikariPool-1 - Start completed.
2026-03-18 22:41:15,576 WARN o.h.e.j.d.i.DialectFactoryImpl [main] HHH90000025: MySQLDialect does not need to be specified explicitly using 'hibernate.dialect' (remove the property setting and it will be selected by default)
2026-03-18 22:41:15,609 INFO o.h.e.j.e.i.JdbcEnvironmentInitiator [main] HHH10001005: Database info:
	Database JDBC URL [jdbc:mysql://localhost:3306/book?createDatabaseIfNotExist=true]
	Database driver: MySQL Connector/J
	Database dialect: MySQLDialect
	Database version: 8.0.44
	Default catalog/schema: book/undefined
	Autocommit mode: undefined/unknown
	Isolation level: REPEATABLE_READ [default REPEATABLE_READ]
	JDBC fetch size: none
	Pool: DataSourceConnectionProvider
	Minimum pool size: undefined/unknown
	Maximum pool size: undefined/unknown
2026-03-18 22:41:16,772 INFO o.h.e.t.j.p.i.JtaPlatformInitiator [main] HHH000489: No JTA platform available (set 'hibernate.transaction.jta.platform' to enable JTA platform integration)
2026-03-18 22:41:16,786 INFO o.s.o.j.AbstractEntityManagerFactoryBean [main] Initialized JPA EntityManagerFactory for persistence unit 'default'
2026-03-18 22:41:16,889 INFO o.s.d.j.r.q.QueryEnhancerFactories [main] Hibernate is in classpath; If applicable, HQL parser will be used.
2026-03-18 22:41:17,829 WARN o.s.b.j.a.JpaBaseConfiguration$JpaWebConfiguration [main] spring.jpa.open-in-view is enabled by default. Therefore, database queries may be performed during view rendering. Explicitly configure spring.jpa.open-in-view to disable this warning
2026-03-18 22:41:18,452 INFO o.s.b.a.e.w.EndpointLinksResolver [main] Exposing 13 endpoints beneath base path '/actuator'
2026-03-18 22:41:18,538 INFO o.a.j.l.DirectJDKLog [main] Starting ProtocolHandler ["http-nio-8080"]
2026-03-18 22:41:18,557 INFO o.s.b.t.TomcatWebServer [main] Tomcat started on port 8080 (http) with context path '/'
2026-03-18 22:41:18,568 INFO o.s.b.StartupInfoLogger [main] Started DataJpaBooksProjectApplication in 7.489 seconds (process running for 15.75)
2026-03-18 22:41:18,982 INFO o.a.j.l.DirectJDKLog [RMI TCP Connection(6)-127.0.0.1] Initializing Spring DispatcherServlet 'dispatcherServlet'
2026-03-18 22:41:18,982 INFO o.s.w.s.FrameworkServlet [RMI TCP Connection(6)-127.0.0.1] Initializing Servlet 'dispatcherServlet'
2026-03-18 22:41:18,985 INFO o.s.w.s.FrameworkServlet [RMI TCP Connection(6)-127.0.0.1] Completed initialization in 2 ms
2026-03-18 22:41:58,947 INFO o.s.b.StartupInfoLogger [main] Starting DataJpaBooksProjectApplication using Java 21.0.8 with PID 12316 (D:\BackEnd RoadMap\new workspace\data-jpa-books-project\target\classes started by HP in D:\BackEnd RoadMap\new workspace\data-jpa-books-project)
2026-03-18 22:41:58,949 DEBUG o.s.b.StartupInfoLogger [main] Running with Spring Boot v4.0.3, Spring v7.0.5
2026-03-18 22:41:58,950 INFO o.s.b.SpringApplication [main] No active profile set, falling back to 1 default profile: "default"
2026-03-18 22:41:59,218 INFO o.h.v.i.u.Version [background-preinit] HV000001: Hibernate Validator 9.0.1.Final
2026-03-18 22:42:00,037 INFO o.s.d.r.c.RepositoryConfigurationDelegate [main] Bootstrapping Spring Data JPA repositories in DEFAULT mode.
2026-03-18 22:42:00,112 INFO o.s.d.r.c.RepositoryConfigurationDelegate [main] Finished Spring Data repository scanning in 65 ms. Found 2 JPA repository interfaces.
2026-03-18 22:42:00,906 INFO o.s.b.t.TomcatWebServer [main] Tomcat initialized with port 8080 (http)
2026-03-18 22:42:00,921 INFO o.a.j.l.DirectJDKLog [main] Initializing ProtocolHandler ["http-nio-8080"]
2026-03-18 22:42:00,922 INFO o.a.j.l.DirectJDKLog [main] Starting service [Tomcat]
2026-03-18 22:42:00,923 INFO o.a.j.l.DirectJDKLog [main] Starting Servlet engine: [Apache Tomcat/11.0.18]
2026-03-18 22:42:00,981 INFO o.s.b.w.c.s.WebApplicationContextInitializer [main] Root WebApplicationContext: initialization completed in 1975 ms
2026-03-18 22:42:01,926 INFO o.f.c.i.l.s.Slf4jLog [main] Database: jdbc:mysql://localhost:3306/book (MySQL 8.0)
2026-03-18 22:42:01,998 INFO o.f.c.i.l.s.Slf4jLog [main] Successfully validated 3 migrations (execution time 00:00.037s)
2026-03-18 22:42:02,028 INFO o.f.c.i.l.s.Slf4jLog [main] Current version of schema `book`: 2
2026-03-18 22:42:02,033 INFO o.f.c.i.l.s.Slf4jLog [main] Schema `book` is up to date. No migration necessary.
2026-03-18 22:42:02,144 INFO o.h.j.i.u.LogHelper [main] HHH008540: Processing PersistenceUnitInfo [name: default]
2026-03-18 22:42:02,212 INFO o.h.Version [main] HHH000001: Hibernate ORM core version 7.2.4.Final
2026-03-18 22:42:02,731 INFO o.s.o.j.p.SpringPersistenceUnitInfo [main] No LoadTimeWeaver setup: ignoring JPA class transformer
2026-03-18 22:42:02,772 INFO c.z.h.HikariDataSource [main] HikariPool-1 - Starting...
2026-03-18 22:42:02,808 INFO c.z.h.p.HikariPool [main] HikariPool-1 - Added connection com.mysql.cj.jdbc.ConnectionImpl@657e7e8
2026-03-18 22:42:02,811 INFO c.z.h.HikariDataSource [main] HikariPool-1 - Start completed.
2026-03-18 22:42:02,856 WARN o.h.e.j.d.i.DialectFactoryImpl [main] HHH90000025: MySQLDialect does not need to be specified explicitly using 'hibernate.dialect' (remove the property setting and it will be selected by default)
2026-03-18 22:42:02,875 INFO o.h.e.j.e.i.JdbcEnvironmentInitiator [main] HHH10001005: Database info:
	Database JDBC URL [jdbc:mysql://localhost:3306/book?createDatabaseIfNotExist=true]
	Database driver: MySQL Connector/J
	Database dialect: MySQLDialect
	Database version: 8.0.44
	Default catalog/schema: book/undefined
	Autocommit mode: undefined/unknown
	Isolation level: REPEATABLE_READ [default REPEATABLE_READ]
	JDBC fetch size: none
	Pool: DataSourceConnectionProvider
	Minimum pool size: undefined/unknown
	Maximum pool size: undefined/unknown
2026-03-18 22:42:04,018 INFO o.h.e.t.j.p.i.JtaPlatformInitiator [main] HHH000489: No JTA platform available (set 'hibernate.transaction.jta.platform' to enable JTA platform integration)
2026-03-18 22:42:04,035 INFO o.s.o.j.AbstractEntityManagerFactoryBean [main] Initialized JPA EntityManagerFactory for persistence unit 'default'
2026-03-18 22:42:04,155 INFO o.s.d.j.r.q.QueryEnhancerFactories [main] Hibernate is in classpath; If applicable, HQL parser will be used.
2026-03-18 22:42:05,274 WARN o.s.b.j.a.JpaBaseConfiguration$JpaWebConfiguration [main] spring.jpa.open-in-view is enabled by default. Therefore, database queries may be performed during view rendering. Explicitly configure spring.jpa.open-in-view to disable this warning
2026-03-18 22:42:06,000 INFO o.s.b.a.e.w.EndpointLinksResolver [main] Exposing 13 endpoints beneath base path '/actuator'
2026-03-18 22:42:06,093 INFO o.a.j.l.DirectJDKLog [main] Starting ProtocolHandler ["http-nio-8080"]
2026-03-18 22:42:06,102 WARN o.s.c.s.AbstractApplicationContext [main] Exception encountered during context initialization - cancelling refresh attempt: org.springframework.context.ApplicationContextException: Failed to start bean 'webServerStartStop'
2026-03-18 22:42:06,108 INFO o.s.o.j.AbstractEntityManagerFactoryBean [main] Closing JPA EntityManagerFactory for persistence unit 'default'
2026-03-18 22:42:06,110 INFO c.z.h.HikariDataSource [main] HikariPool-1 - Shutdown initiated...
2026-03-18 22:42:06,120 INFO c.z.h.HikariDataSource [main] HikariPool-1 - Shutdown completed.
2026-03-18 22:42:06,135 INFO o.s.b.a.l.ConditionEvaluationReportLogger [main] 

Error starting ApplicationContext. To display the condition evaluation report re-run your application with 'debug' enabled.
2026-03-18 22:42:06,159 ERROR o.s.b.d.LoggingFailureAnalysisReporter [main] 

***************************
APPLICATION FAILED TO START
***************************

Description:

Web server failed to start. Port 8080 was already in use.

Action:

Identify and stop the process that's listening on port 8080 or configure this application to listen on another port.

2026-03-18 22:44:01,785 INFO o.s.b.a.SpringApplicationAdminMXBeanRegistrar$SpringApplicationAdmin [RMI TCP Connection(14)-127.0.0.1] Application shutdown requested.
2026-03-18 22:44:01,791 INFO o.s.b.t.GracefulShutdown [RMI TCP Connection(14)-127.0.0.1] Commencing graceful shutdown. Waiting for active requests to complete
2026-03-18 22:44:01,793 INFO o.a.j.l.DirectJDKLog [tomcat-shutdown] Pausing ProtocolHandler ["http-nio-8080"]
2026-03-18 22:44:01,799 INFO o.s.b.t.GracefulShutdown [tomcat-shutdown] Graceful shutdown complete
2026-03-18 22:44:01,800 INFO o.a.j.l.DirectJDKLog [RMI TCP Connection(14)-127.0.0.1] Stopping ProtocolHandler ["http-nio-8080"]
2026-03-18 22:44:01,808 INFO o.s.o.j.AbstractEntityManagerFactoryBean [RMI TCP Connection(14)-127.0.0.1] Closing JPA EntityManagerFactory for persistence unit 'default'
2026-03-18 22:44:01,811 INFO c.z.h.HikariDataSource [RMI TCP Connection(14)-127.0.0.1] HikariPool-1 - Shutdown initiated...
2026-03-18 22:44:01,818 INFO c.z.h.HikariDataSource [RMI TCP Connection(14)-127.0.0.1] HikariPool-1 - Shutdown completed.
2026-03-18 22:44:17,333 INFO o.s.b.StartupInfoLogger [main] Starting DataJpaBooksProjectApplication using Java 21.0.8 with PID 3920 (D:\BackEnd RoadMap\new workspace\data-jpa-books-project\target\classes started by HP in D:\BackEnd RoadMap\new workspace\data-jpa-books-project)
2026-03-18 22:44:17,336 DEBUG o.s.b.StartupInfoLogger [main] Running with Spring Boot v4.0.3, Spring v7.0.5
2026-03-18 22:44:17,337 INFO o.s.b.SpringApplication [main] No active profile set, falling back to 1 default profile: "default"
2026-03-18 22:44:17,549 INFO o.h.v.i.u.Version [background-preinit] HV000001: Hibernate Validator 9.0.1.Final
2026-03-18 22:44:18,321 INFO o.s.d.r.c.RepositoryConfigurationDelegate [main] Bootstrapping Spring Data JPA repositories in DEFAULT mode.
2026-03-18 22:44:18,384 INFO o.s.d.r.c.RepositoryConfigurationDelegate [main] Finished Spring Data repository scanning in 52 ms. Found 2 JPA repository interfaces.
2026-03-18 22:44:19,099 INFO o.s.b.t.TomcatWebServer [main] Tomcat initialized with port 8080 (http)
2026-03-18 22:44:19,112 INFO o.a.j.l.DirectJDKLog [main] Initializing ProtocolHandler ["http-nio-8080"]
2026-03-18 22:44:19,113 INFO o.a.j.l.DirectJDKLog [main] Starting service [Tomcat]
2026-03-18 22:44:19,114 INFO o.a.j.l.DirectJDKLog [main] Starting Servlet engine: [Apache Tomcat/11.0.18]
2026-03-18 22:44:19,170 INFO o.s.b.w.c.s.WebApplicationContextInitializer [main] Root WebApplicationContext: initialization completed in 1781 ms
2026-03-18 22:44:20,052 INFO o.f.c.i.l.s.Slf4jLog [main] Database: jdbc:mysql://localhost:3306/book (MySQL 8.0)
2026-03-18 22:44:20,115 INFO o.f.c.i.l.s.Slf4jLog [main] Successfully validated 3 migrations (execution time 00:00.031s)
2026-03-18 22:44:20,138 INFO o.f.c.i.l.s.Slf4jLog [main] Current version of schema `book`: 2
2026-03-18 22:44:20,142 INFO o.f.c.i.l.s.Slf4jLog [main] Schema `book` is up to date. No migration necessary.
2026-03-18 22:44:20,233 INFO o.h.j.i.u.LogHelper [main] HHH008540: Processing PersistenceUnitInfo [name: default]
2026-03-18 22:44:20,283 INFO o.h.Version [main] HHH000001: Hibernate ORM core version 7.2.4.Final
2026-03-18 22:44:20,708 INFO o.s.o.j.p.SpringPersistenceUnitInfo [main] No LoadTimeWeaver setup: ignoring JPA class transformer
2026-03-18 22:44:20,739 INFO c.z.h.HikariDataSource [main] HikariPool-1 - Starting...
2026-03-18 22:44:20,770 INFO c.z.h.p.HikariPool [main] HikariPool-1 - Added connection com.mysql.cj.jdbc.ConnectionImpl@2662e3ff
2026-03-18 22:44:20,771 INFO c.z.h.HikariDataSource [main] HikariPool-1 - Start completed.
2026-03-18 22:44:20,809 WARN o.h.e.j.d.i.DialectFactoryImpl [main] HHH90000025: MySQLDialect does not need to be specified explicitly using 'hibernate.dialect' (remove the property setting and it will be selected by default)
2026-03-18 22:44:20,828 INFO o.h.e.j.e.i.JdbcEnvironmentInitiator [main] HHH10001005: Database info:
	Database JDBC URL [jdbc:mysql://localhost:3306/book?createDatabaseIfNotExist=true]
	Database driver: MySQL Connector/J
	Database dialect: MySQLDialect
	Database version: 8.0.44
	Default catalog/schema: book/undefined
	Autocommit mode: undefined/unknown
	Isolation level: REPEATABLE_READ [default REPEATABLE_READ]
	JDBC fetch size: none
	Pool: DataSourceConnectionProvider
	Minimum pool size: undefined/unknown
	Maximum pool size: undefined/unknown
2026-03-18 22:44:21,758 INFO o.h.e.t.j.p.i.JtaPlatformInitiator [main] HHH000489: No JTA platform available (set 'hibernate.transaction.jta.platform' to enable JTA platform integration)
2026-03-18 22:44:21,771 INFO o.s.o.j.AbstractEntityManagerFactoryBean [main] Initialized JPA EntityManagerFactory for persistence unit 'default'
2026-03-18 22:44:21,868 INFO o.s.d.j.r.q.QueryEnhancerFactories [main] Hibernate is in classpath; If applicable, HQL parser will be used.
2026-03-18 22:44:22,691 WARN o.s.b.j.a.JpaBaseConfiguration$JpaWebConfiguration [main] spring.jpa.open-in-view is enabled by default. Therefore, database queries may be performed during view rendering. Explicitly configure spring.jpa.open-in-view to disable this warning
2026-03-18 22:44:23,252 INFO o.s.b.a.e.w.EndpointLinksResolver [main] Exposing 13 endpoints beneath base path '/actuator'
2026-03-18 22:44:23,326 INFO o.a.j.l.DirectJDKLog [main] Starting ProtocolHandler ["http-nio-8080"]
2026-03-18 22:44:23,344 INFO o.s.b.t.TomcatWebServer [main] Tomcat started on port 8080 (http) with context path '/'
2026-03-18 22:44:23,354 INFO o.s.b.StartupInfoLogger [main] Started DataJpaBooksProjectApplication in 6.389 seconds (process running for 7.246)
2026-03-18 22:44:23,826 INFO o.a.j.l.DirectJDKLog [RMI TCP Connection(9)-127.0.0.1] Initializing Spring DispatcherServlet 'dispatcherServlet'
2026-03-18 22:44:23,826 INFO o.s.w.s.FrameworkServlet [RMI TCP Connection(9)-127.0.0.1] Initializing Servlet 'dispatcherServlet'
2026-03-18 22:44:23,829 INFO o.s.w.s.FrameworkServlet [RMI TCP Connection(9)-127.0.0.1] Completed initialization in 2 ms
2026-03-18 22:45:41,939 INFO o.s.b.a.SpringApplicationAdminMXBeanRegistrar$SpringApplicationAdmin [RMI TCP Connection(13)-127.0.0.1] Application shutdown requested.
2026-03-18 22:45:41,944 INFO o.s.b.t.GracefulShutdown [RMI TCP Connection(13)-127.0.0.1] Commencing graceful shutdown. Waiting for active requests to complete
2026-03-18 22:45:41,956 INFO o.a.j.l.DirectJDKLog [tomcat-shutdown] Pausing ProtocolHandler ["http-nio-8080"]
2026-03-18 22:45:41,961 INFO o.s.b.t.GracefulShutdown [tomcat-shutdown] Graceful shutdown complete
2026-03-18 22:45:41,962 INFO o.a.j.l.DirectJDKLog [RMI TCP Connection(13)-127.0.0.1] Stopping ProtocolHandler ["http-nio-8080"]
2026-03-18 22:45:41,970 INFO o.s.o.j.AbstractEntityManagerFactoryBean [RMI TCP Connection(13)-127.0.0.1] Closing JPA EntityManagerFactory for persistence unit 'default'
2026-03-18 22:45:41,973 INFO c.z.h.HikariDataSource [RMI TCP Connection(13)-127.0.0.1] HikariPool-1 - Shutdown initiated...
2026-03-18 22:45:41,978 INFO c.z.h.HikariDataSource [RMI TCP Connection(13)-127.0.0.1] HikariPool-1 - Shutdown completed.
2026-03-18 22:45:56,245 INFO o.s.b.StartupInfoLogger [main] Starting DataJpaBooksProjectApplication using Java 21.0.8 with PID 13348 (D:\BackEnd RoadMap\new workspace\data-jpa-books-project\target\classes started by HP in D:\BackEnd RoadMap\new workspace\data-jpa-books-project)
2026-03-18 22:45:56,249 DEBUG o.s.b.StartupInfoLogger [main] Running with Spring Boot v4.0.3, Spring v7.0.5
2026-03-18 22:45:56,250 INFO o.s.b.SpringApplication [main] No active profile set, falling back to 1 default profile: "default"
2026-03-18 22:45:56,495 INFO o.h.v.i.u.Version [background-preinit] HV000001: Hibernate Validator 9.0.1.Final
2026-03-18 22:45:57,368 INFO o.s.d.r.c.RepositoryConfigurationDelegate [main] Bootstrapping Spring Data JPA repositories in DEFAULT mode.
2026-03-18 22:45:57,442 INFO o.s.d.r.c.RepositoryConfigurationDelegate [main] Finished Spring Data repository scanning in 63 ms. Found 2 JPA repository interfaces.
2026-03-18 22:45:58,262 INFO o.s.b.t.TomcatWebServer [main] Tomcat initialized with port 8080 (http)
2026-03-18 22:45:58,278 INFO o.a.j.l.DirectJDKLog [main] Initializing ProtocolHandler ["http-nio-8080"]
2026-03-18 22:45:58,280 INFO o.a.j.l.DirectJDKLog [main] Starting service [Tomcat]
2026-03-18 22:45:58,280 INFO o.a.j.l.DirectJDKLog [main] Starting Servlet engine: [Apache Tomcat/11.0.18]
2026-03-18 22:45:58,336 INFO o.s.b.w.c.s.WebApplicationContextInitializer [main] Root WebApplicationContext: initialization completed in 2030 ms
2026-03-18 22:45:59,339 INFO o.f.c.i.l.s.Slf4jLog [main] Database: jdbc:mysql://localhost:3306/book (MySQL 8.0)
2026-03-18 22:45:59,407 INFO o.f.c.i.l.s.Slf4jLog [main] Successfully validated 3 migrations (execution time 00:00.035s)
2026-03-18 22:45:59,429 INFO o.f.c.i.l.s.Slf4jLog [main] Current version of schema `book`: 2
2026-03-18 22:45:59,433 INFO o.f.c.i.l.s.Slf4jLog [main] Schema `book` is up to date. No migration necessary.
2026-03-18 22:45:59,536 INFO o.h.j.i.u.LogHelper [main] HHH008540: Processing PersistenceUnitInfo [name: default]
2026-03-18 22:45:59,595 INFO o.h.Version [main] HHH000001: Hibernate ORM core version 7.2.4.Final
2026-03-18 22:46:00,108 INFO o.s.o.j.p.SpringPersistenceUnitInfo [main] No LoadTimeWeaver setup: ignoring JPA class transformer
2026-03-18 22:46:00,143 INFO c.z.h.HikariDataSource [main] HikariPool-1 - Starting...
2026-03-18 22:46:00,178 INFO c.z.h.p.HikariPool [main] HikariPool-1 - Added connection com.mysql.cj.jdbc.ConnectionImpl@7fd3197b
2026-03-18 22:46:00,181 INFO c.z.h.HikariDataSource [main] HikariPool-1 - Start completed.
2026-03-18 22:46:00,225 WARN o.h.e.j.d.i.DialectFactoryImpl [main] HHH90000025: MySQLDialect does not need to be specified explicitly using 'hibernate.dialect' (remove the property setting and it will be selected by default)
2026-03-18 22:46:00,245 INFO o.h.e.j.e.i.JdbcEnvironmentInitiator [main] HHH10001005: Database info:
	Database JDBC URL [jdbc:mysql://localhost:3306/book?createDatabaseIfNotExist=true]
	Database driver: MySQL Connector/J
	Database dialect: MySQLDialect
	Database version: 8.0.44
	Default catalog/schema: book/undefined
	Autocommit mode: undefined/unknown
	Isolation level: REPEATABLE_READ [default REPEATABLE_READ]
	JDBC fetch size: none
	Pool: DataSourceConnectionProvider
	Minimum pool size: undefined/unknown
	Maximum pool size: undefined/unknown
2026-03-18 22:46:01,368 INFO o.h.e.t.j.p.i.JtaPlatformInitiator [main] HHH000489: No JTA platform available (set 'hibernate.transaction.jta.platform' to enable JTA platform integration)
2026-03-18 22:46:01,384 INFO o.s.o.j.AbstractEntityManagerFactoryBean [main] Initialized JPA EntityManagerFactory for persistence unit 'default'
2026-03-18 22:46:01,490 INFO o.s.d.j.r.q.QueryEnhancerFactories [main] Hibernate is in classpath; If applicable, HQL parser will be used.
2026-03-18 22:46:02,478 WARN o.s.b.j.a.JpaBaseConfiguration$JpaWebConfiguration [main] spring.jpa.open-in-view is enabled by default. Therefore, database queries may be performed during view rendering. Explicitly configure spring.jpa.open-in-view to disable this warning
2026-03-18 22:46:03,114 INFO o.s.b.a.e.w.EndpointLinksResolver [main] Exposing 13 endpoints beneath base path '/actuator'
2026-03-18 22:46:03,197 INFO o.a.j.l.DirectJDKLog [main] Starting ProtocolHandler ["http-nio-8080"]
2026-03-18 22:46:03,221 INFO o.s.b.t.TomcatWebServer [main] Tomcat started on port 8080 (http) with context path '/'
2026-03-18 22:46:03,231 INFO o.s.b.StartupInfoLogger [main] Started DataJpaBooksProjectApplication in 7.435 seconds (process running for 8.758)
2026-03-18 22:46:03,991 INFO o.a.j.l.DirectJDKLog [RMI TCP Connection(8)-127.0.0.1] Initializing Spring DispatcherServlet 'dispatcherServlet'
2026-03-18 22:46:03,991 INFO o.s.w.s.FrameworkServlet [RMI TCP Connection(8)-127.0.0.1] Initializing Servlet 'dispatcherServlet'
2026-03-18 22:46:03,994 INFO o.s.w.s.FrameworkServlet [RMI TCP Connection(8)-127.0.0.1] Completed initialization in 2 ms
2026-03-18 22:59:18,880 INFO o.s.b.StartupInfoLogger [main] Starting DataJpaBooksProjectApplication using Java 21.0.8 with PID 15216 (D:\BackEnd RoadMap\new workspace\data-jpa-books-project\target\classes started by HP in D:\BackEnd RoadMap\new workspace\data-jpa-books-project)
2026-03-18 22:59:19,038 DEBUG o.s.b.StartupInfoLogger [main] Running with Spring Boot v4.0.3, Spring v7.0.5
2026-03-18 22:59:19,039 INFO o.s.b.SpringApplication [main] No active profile set, falling back to 1 default profile: "default"
2026-03-18 22:59:19,133 INFO o.h.v.i.u.Version [background-preinit] HV000001: Hibernate Validator 9.0.1.Final
2026-03-18 22:59:20,465 INFO o.s.d.r.c.RepositoryConfigurationDelegate [main] Bootstrapping Spring Data JPA repositories in DEFAULT mode.
2026-03-18 22:59:20,539 INFO o.s.d.r.c.RepositoryConfigurationDelegate [main] Finished Spring Data repository scanning in 63 ms. Found 2 JPA repository interfaces.
2026-03-18 22:59:21,324 INFO o.s.b.t.TomcatWebServer [main] Tomcat initialized with port 8080 (http)
2026-03-18 22:59:21,340 INFO o.a.j.l.DirectJDKLog [main] Initializing ProtocolHandler ["http-nio-8080"]
2026-03-18 22:59:21,343 INFO o.a.j.l.DirectJDKLog [main] Starting service [Tomcat]
2026-03-18 22:59:21,344 INFO o.a.j.l.DirectJDKLog [main] Starting Servlet engine: [Apache Tomcat/11.0.18]
2026-03-18 22:59:21,400 INFO o.s.b.w.c.s.WebApplicationContextInitializer [main] Root WebApplicationContext: initialization completed in 2298 ms
2026-03-18 22:59:22,519 INFO o.f.c.i.l.s.Slf4jLog [main] Database: jdbc:mysql://localhost:3306/book (MySQL 8.0)
2026-03-18 22:59:22,746 INFO o.f.c.i.l.s.Slf4jLog [main] Successfully validated 3 migrations (execution time 00:00.188s)
2026-03-18 22:59:22,771 INFO o.f.c.i.l.s.Slf4jLog [main] Current version of schema `book`: 2
2026-03-18 22:59:22,776 INFO o.f.c.i.l.s.Slf4jLog [main] Schema `book` is up to date. No migration necessary.
2026-03-18 22:59:22,878 INFO o.h.j.i.u.LogHelper [main] HHH008540: Processing PersistenceUnitInfo [name: default]
2026-03-18 22:59:22,936 INFO o.h.Version [main] HHH000001: Hibernate ORM core version 7.2.4.Final
2026-03-18 22:59:23,637 INFO o.s.o.j.p.SpringPersistenceUnitInfo [main] No LoadTimeWeaver setup: ignoring JPA class transformer
2026-03-18 22:59:23,680 INFO c.z.h.HikariDataSource [main] HikariPool-1 - Starting...
2026-03-18 22:59:23,723 INFO c.z.h.p.HikariPool [main] HikariPool-1 - Added connection com.mysql.cj.jdbc.ConnectionImpl@170937fe
2026-03-18 22:59:23,725 INFO c.z.h.HikariDataSource [main] HikariPool-1 - Start completed.
2026-03-18 22:59:23,793 WARN o.h.e.j.d.i.DialectFactoryImpl [main] HHH90000025: MySQLDialect does not need to be specified explicitly using 'hibernate.dialect' (remove the property setting and it will be selected by default)
2026-03-18 22:59:23,817 INFO o.h.e.j.e.i.JdbcEnvironmentInitiator [main] HHH10001005: Database info:
	Database JDBC URL [jdbc:mysql://localhost:3306/book?createDatabaseIfNotExist=true]
	Database driver: MySQL Connector/J
	Database dialect: MySQLDialect
	Database version: 8.0.44
	Default catalog/schema: book/undefined
	Autocommit mode: undefined/unknown
	Isolation level: REPEATABLE_READ [default REPEATABLE_READ]
	JDBC fetch size: none
	Pool: DataSourceConnectionProvider
	Minimum pool size: undefined/unknown
	Maximum pool size: undefined/unknown
2026-03-18 22:59:24,985 INFO o.h.e.t.j.p.i.JtaPlatformInitiator [main] HHH000489: No JTA platform available (set 'hibernate.transaction.jta.platform' to enable JTA platform integration)
2026-03-18 22:59:25,000 INFO o.s.o.j.AbstractEntityManagerFactoryBean [main] Initialized JPA EntityManagerFactory for persistence unit 'default'
2026-03-18 22:59:25,110 INFO o.s.d.j.r.q.QueryEnhancerFactories [main] Hibernate is in classpath; If applicable, HQL parser will be used.
2026-03-18 22:59:26,389 WARN o.s.b.j.a.JpaBaseConfiguration$JpaWebConfiguration [main] spring.jpa.open-in-view is enabled by default. Therefore, database queries may be performed during view rendering. Explicitly configure spring.jpa.open-in-view to disable this warning
2026-03-18 22:59:27,224 INFO o.s.b.a.e.w.EndpointLinksResolver [main] Exposing 13 endpoints beneath base path '/actuator'
2026-03-18 22:59:27,369 INFO o.a.j.l.DirectJDKLog [main] Starting ProtocolHandler ["http-nio-8080"]
2026-03-18 22:59:27,415 INFO o.s.b.t.TomcatWebServer [main] Tomcat started on port 8080 (http) with context path '/'
2026-03-18 22:59:27,430 INFO o.s.b.StartupInfoLogger [main] Started DataJpaBooksProjectApplication in 9.013 seconds (process running for 11.615)
2026-03-18 22:59:28,307 INFO o.a.j.l.DirectJDKLog [RMI TCP Connection(4)-127.0.0.1] Initializing Spring DispatcherServlet 'dispatcherServlet'
2026-03-18 22:59:28,308 INFO o.s.w.s.FrameworkServlet [RMI TCP Connection(4)-127.0.0.1] Initializing Servlet 'dispatcherServlet'
2026-03-18 22:59:28,310 INFO o.s.w.s.FrameworkServlet [RMI TCP Connection(4)-127.0.0.1] Completed initialization in 2 ms
2026-03-18 23:27:38,804 INFO o.s.b.StartupInfoLogger [main] Starting DataJpaBooksProjectApplication using Java 21.0.8 with PID 11824 (D:\BackEnd RoadMap\new workspace\data-jpa-books-project\target\classes started by HP in D:\BackEnd RoadMap\new workspace\data-jpa-books-project)
2026-03-18 23:27:38,807 DEBUG o.s.b.StartupInfoLogger [main] Running with Spring Boot v4.0.3, Spring v7.0.5
2026-03-18 23:27:38,809 INFO o.s.b.SpringApplication [main] No active profile set, falling back to 1 default profile: "default"
2026-03-18 23:27:39,091 INFO o.h.v.i.u.Version [background-preinit] HV000001: Hibernate Validator 9.0.1.Final
2026-03-18 23:27:40,103 INFO o.s.d.r.c.RepositoryConfigurationDelegate [main] Bootstrapping Spring Data JPA repositories in DEFAULT mode.
2026-03-18 23:27:40,176 INFO o.s.d.r.c.RepositoryConfigurationDelegate [main] Finished Spring Data repository scanning in 63 ms. Found 2 JPA repository interfaces.
2026-03-18 23:27:40,986 INFO o.s.b.t.TomcatWebServer [main] Tomcat initialized with port 8080 (http)
2026-03-18 23:27:41,000 INFO o.a.j.l.DirectJDKLog [main] Initializing ProtocolHandler ["http-nio-8080"]
2026-03-18 23:27:41,003 INFO o.a.j.l.DirectJDKLog [main] Starting service [Tomcat]
2026-03-18 23:27:41,003 INFO o.a.j.l.DirectJDKLog [main] Starting Servlet engine: [Apache Tomcat/11.0.18]
2026-03-18 23:27:41,063 INFO o.s.b.w.c.s.WebApplicationContextInitializer [main] Root WebApplicationContext: initialization completed in 2198 ms
2026-03-18 23:27:42,089 INFO o.f.c.i.l.s.Slf4jLog [main] Database: jdbc:mysql://localhost:3306/book (MySQL 8.0)
2026-03-18 23:27:42,159 INFO o.f.c.i.l.s.Slf4jLog [main] Successfully validated 3 migrations (execution time 00:00.036s)
2026-03-18 23:27:42,181 INFO o.f.c.i.l.s.Slf4jLog [main] Current version of schema `book`: 2
2026-03-18 23:27:42,185 INFO o.f.c.i.l.s.Slf4jLog [main] Schema `book` is up to date. No migration necessary.
2026-03-18 23:27:42,298 INFO o.h.j.i.u.LogHelper [main] HHH008540: Processing PersistenceUnitInfo [name: default]
2026-03-18 23:27:42,360 INFO o.h.Version [main] HHH000001: Hibernate ORM core version 7.2.4.Final
2026-03-18 23:27:42,876 INFO o.s.o.j.p.SpringPersistenceUnitInfo [main] No LoadTimeWeaver setup: ignoring JPA class transformer
2026-03-18 23:27:42,918 INFO c.z.h.HikariDataSource [main] HikariPool-1 - Starting...
2026-03-18 23:27:42,955 INFO c.z.h.p.HikariPool [main] HikariPool-1 - Added connection com.mysql.cj.jdbc.ConnectionImpl@156d7556
2026-03-18 23:27:42,958 INFO c.z.h.HikariDataSource [main] HikariPool-1 - Start completed.
2026-03-18 23:27:43,008 WARN o.h.e.j.d.i.DialectFactoryImpl [main] HHH90000025: MySQLDialect does not need to be specified explicitly using 'hibernate.dialect' (remove the property setting and it will be selected by default)
2026-03-18 23:27:43,033 INFO o.h.e.j.e.i.JdbcEnvironmentInitiator [main] HHH10001005: Database info:
	Database JDBC URL [jdbc:mysql://localhost:3306/book?createDatabaseIfNotExist=true]
	Database driver: MySQL Connector/J
	Database dialect: MySQLDialect
	Database version: 8.0.44
	Default catalog/schema: book/undefined
	Autocommit mode: undefined/unknown
	Isolation level: REPEATABLE_READ [default REPEATABLE_READ]
	JDBC fetch size: none
	Pool: DataSourceConnectionProvider
	Minimum pool size: undefined/unknown
	Maximum pool size: undefined/unknown
2026-03-18 23:27:44,295 INFO o.h.e.t.j.p.i.JtaPlatformInitiator [main] HHH000489: No JTA platform available (set 'hibernate.transaction.jta.platform' to enable JTA platform integration)
2026-03-18 23:27:44,317 INFO o.s.o.j.AbstractEntityManagerFactoryBean [main] Initialized JPA EntityManagerFactory for persistence unit 'default'
2026-03-18 23:27:44,428 INFO o.s.d.j.r.q.QueryEnhancerFactories [main] Hibernate is in classpath; If applicable, HQL parser will be used.
2026-03-18 23:27:45,472 WARN o.s.b.j.a.JpaBaseConfiguration$JpaWebConfiguration [main] spring.jpa.open-in-view is enabled by default. Therefore, database queries may be performed during view rendering. Explicitly configure spring.jpa.open-in-view to disable this warning
2026-03-18 23:27:46,147 INFO o.s.b.a.e.w.EndpointLinksResolver [main] Exposing 13 endpoints beneath base path '/actuator'
2026-03-18 23:27:46,232 INFO o.a.j.l.DirectJDKLog [main] Starting ProtocolHandler ["http-nio-8080"]
2026-03-18 23:27:46,258 INFO o.s.b.t.TomcatWebServer [main] Tomcat started on port 8080 (http) with context path '/'
2026-03-18 23:27:46,270 INFO o.s.b.StartupInfoLogger [main] Started DataJpaBooksProjectApplication in 7.902 seconds (process running for 16.263)
2026-03-18 23:27:47,118 INFO o.a.j.l.DirectJDKLog [RMI TCP Connection(4)-127.0.0.1] Initializing Spring DispatcherServlet 'dispatcherServlet'
2026-03-18 23:27:47,119 INFO o.s.w.s.FrameworkServlet [RMI TCP Connection(4)-127.0.0.1] Initializing Servlet 'dispatcherServlet'
2026-03-18 23:27:47,121 INFO o.s.w.s.FrameworkServlet [RMI TCP Connection(4)-127.0.0.1] Completed initialization in 2 ms
2026-03-18 23:28:03,082 ERROR o.a.j.l.DirectJDKLog [http-nio-8080-exec-2] Servlet.service() for servlet [dispatcherServlet] in context with path [] threw exception [Request processing failed: java.nio.file.InvalidPathException: Illegal char <:> at index 2: 'D:BackEnd RoadMapbook'emp/profile] with root cause
java.nio.file.InvalidPathException: Illegal char <:> at index 2: 'D:BackEnd RoadMapbook'emp/profile
	at java.base/sun.nio.fs.WindowsPathParser.normalize(WindowsPathParser.java:204)
	at java.base/sun.nio.fs.WindowsPathParser.parse(WindowsPathParser.java:175)
	at java.base/sun.nio.fs.WindowsPathParser.parse(WindowsPathParser.java:77)
	at java.base/sun.nio.fs.WindowsPath.parse(WindowsPath.java:92)
	at java.base/sun.nio.fs.WindowsFileSystem.getPath(WindowsFileSystem.java:231)
	at java.base/java.nio.file.Path.of(Path.java:148)
	at java.base/java.nio.file.Paths.get(Paths.java:69)
	at com.global.book.service.FileUploadService.storeFile(FileUploadService.java:61)
	at com.global.book.controller.FileUploadController.uploadFile(FileUploadController.java:25)
	at java.base/jdk.internal.reflect.DirectMethodHandleAccessor.invoke(DirectMethodHandleAccessor.java:103)
	at java.base/java.lang.reflect.Method.invoke(Method.java:580)
	at org.springframework.web.method.support.InvocableHandlerMethod.doInvoke(InvocableHandlerMethod.java:252)
	at org.springframework.web.method.support.InvocableHandlerMethod.invokeForRequest(InvocableHandlerMethod.java:184)
	at org.springframework.web.servlet.mvc.method.annotation.ServletInvocableHandlerMethod.invokeAndHandle(ServletInvocableHandlerMethod.java:117)
	at org.springframework.web.servlet.mvc.method.annotation.RequestMappingHandlerAdapter.invokeHandlerMethod(RequestMappingHandlerAdapter.java:934)
	at org.springframework.web.servlet.mvc.method.annotation.RequestMappingHandlerAdapter.handleInternal(RequestMappingHandlerAdapter.java:853)
	at org.springframework.web.servlet.mvc.method.AbstractHandlerMethodAdapter.handle(AbstractHandlerMethodAdapter.java:86)
	at org.springframework.web.servlet.DispatcherServlet.doDispatch(DispatcherServlet.java:963)
	at org.springframework.web.servlet.DispatcherServlet.doService(DispatcherServlet.java:866)
	at org.springframework.web.servlet.FrameworkServlet.processRequest(FrameworkServlet.java:1000)
	at org.springframework.web.servlet.FrameworkServlet.doPost(FrameworkServlet.java:903)
	at jakarta.servlet.http.HttpServlet.service(HttpServlet.java:649)
	at org.springframework.web.servlet.FrameworkServlet.service(FrameworkServlet.java:874)
	at jakarta.servlet.http.HttpServlet.service(HttpServlet.java:710)
	at org.apache.catalina.core.ApplicationFilterChain.doFilter(ApplicationFilterChain.java:128)
	at org.apache.tomcat.websocket.server.WsFilter.doFilter(WsFilter.java:53)
	at org.apache.catalina.core.ApplicationFilterChain.doFilter(ApplicationFilterChain.java:107)
	at org.springframework.web.filter.RequestContextFilter.doFilterInternal(RequestContextFilter.java:100)
	at org.springframework.web.filter.OncePerRequestFilter.doFilter(OncePerRequestFilter.java:116)
	at org.apache.catalina.core.ApplicationFilterChain.doFilter(ApplicationFilterChain.java:107)
	at org.springframework.web.filter.FormContentFilter.doFilterInternal(FormContentFilter.java:93)
	at org.springframework.web.filter.OncePerRequestFilter.doFilter(OncePerRequestFilter.java:116)
	at org.apache.catalina.core.ApplicationFilterChain.doFilter(ApplicationFilterChain.java:107)
	at org.springframework.web.filter.ServerHttpObservationFilter.doFilterInternal(ServerHttpObservationFilter.java:110)
	at org.springframework.web.filter.OncePerRequestFilter.doFilter(OncePerRequestFilter.java:116)
	at org.apache.catalina.core.ApplicationFilterChain.doFilter(ApplicationFilterChain.java:107)
	at org.springframework.web.filter.CharacterEncodingFilter.doFilterInternal(CharacterEncodingFilter.java:199)
	at org.springframework.web.filter.OncePerRequestFilter.doFilter(OncePerRequestFilter.java:116)
	at org.apache.catalina.core.ApplicationFilterChain.doFilter(ApplicationFilterChain.java:107)
	at org.apache.catalina.core.StandardWrapperValve.invoke(StandardWrapperValve.java:165)
	at org.apache.catalina.core.StandardContextValve.invoke(StandardContextValve.java:77)
	at org.apache.catalina.authenticator.AuthenticatorBase.invoke(AuthenticatorBase.java:492)
	at org.apache.catalina.core.StandardHostValve.invoke(StandardHostValve.java:113)
	at org.apache.catalina.valves.ErrorReportValve.invoke(ErrorReportValve.java:83)
	at org.apache.catalina.core.StandardEngineValve.invoke(StandardEngineValve.java:72)
	at org.apache.catalina.connector.CoyoteAdapter.service(CoyoteAdapter.java:341)
	at org.apache.coyote.http11.Http11Processor.service(Http11Processor.java:397)
	at org.apache.coyote.AbstractProcessorLight.process(AbstractProcessorLight.java:63)
	at org.apache.coyote.AbstractProtocol$ConnectionHandler.process(AbstractProtocol.java:903)
	at org.apache.tomcat.util.net.NioEndpoint$SocketProcessor.doRun(NioEndpoint.java:1779)
	at org.apache.tomcat.util.net.SocketProcessorBase.run(SocketProcessorBase.java:52)
	at org.apache.tomcat.util.threads.ThreadPoolExecutor.runWorker(ThreadPoolExecutor.java:946)
	at org.apache.tomcat.util.threads.ThreadPoolExecutor$Worker.run(ThreadPoolExecutor.java:480)
	at org.apache.tomcat.util.threads.TaskThread$WrappingRunnable.run(TaskThread.java:57)
	at java.base/java.lang.Thread.run(Thread.java:1583)
2026-03-18 23:32:23,187 INFO o.s.b.StartupInfoLogger [main] Starting DataJpaBooksProjectApplication using Java 21.0.8 with PID 8848 (D:\BackEnd RoadMap\new workspace\data-jpa-books-project\target\classes started by HP in D:\BackEnd RoadMap\new workspace\data-jpa-books-project)
2026-03-18 23:32:23,190 DEBUG o.s.b.StartupInfoLogger [main] Running with Spring Boot v4.0.3, Spring v7.0.5
2026-03-18 23:32:23,191 INFO o.s.b.SpringApplication [main] No active profile set, falling back to 1 default profile: "default"
2026-03-18 23:32:23,429 INFO o.h.v.i.u.Version [background-preinit] HV000001: Hibernate Validator 9.0.1.Final
2026-03-18 23:32:24,289 INFO o.s.d.r.c.RepositoryConfigurationDelegate [main] Bootstrapping Spring Data JPA repositories in DEFAULT mode.
2026-03-18 23:32:24,362 INFO o.s.d.r.c.RepositoryConfigurationDelegate [main] Finished Spring Data repository scanning in 63 ms. Found 2 JPA repository interfaces.
2026-03-18 23:32:25,143 INFO o.s.b.t.TomcatWebServer [main] Tomcat initialized with port 8080 (http)
2026-03-18 23:32:25,158 INFO o.a.j.l.DirectJDKLog [main] Initializing ProtocolHandler ["http-nio-8080"]
2026-03-18 23:32:25,160 INFO o.a.j.l.DirectJDKLog [main] Starting service [Tomcat]
2026-03-18 23:32:25,162 INFO o.a.j.l.DirectJDKLog [main] Starting Servlet engine: [Apache Tomcat/11.0.18]
2026-03-18 23:32:25,217 INFO o.s.b.w.c.s.WebApplicationContextInitializer [main] Root WebApplicationContext: initialization completed in 1972 ms
2026-03-18 23:32:26,184 INFO o.f.c.i.l.s.Slf4jLog [main] Database: jdbc:mysql://localhost:3306/book (MySQL 8.0)
2026-03-18 23:32:26,256 INFO o.f.c.i.l.s.Slf4jLog [main] Successfully validated 3 migrations (execution time 00:00.036s)
2026-03-18 23:32:26,279 INFO o.f.c.i.l.s.Slf4jLog [main] Current version of schema `book`: 2
2026-03-18 23:32:26,284 INFO o.f.c.i.l.s.Slf4jLog [main] Schema `book` is up to date. No migration necessary.
2026-03-18 23:32:26,394 INFO o.h.j.i.u.LogHelper [main] HHH008540: Processing PersistenceUnitInfo [name: default]
2026-03-18 23:32:26,452 INFO o.h.Version [main] HHH000001: Hibernate ORM core version 7.2.4.Final
2026-03-18 23:32:26,945 INFO o.s.o.j.p.SpringPersistenceUnitInfo [main] No LoadTimeWeaver setup: ignoring JPA class transformer
2026-03-18 23:32:26,988 INFO c.z.h.HikariDataSource [main] HikariPool-1 - Starting...
2026-03-18 23:32:27,021 INFO c.z.h.p.HikariPool [main] HikariPool-1 - Added connection com.mysql.cj.jdbc.ConnectionImpl@4545cfc0
2026-03-18 23:32:27,024 INFO c.z.h.HikariDataSource [main] HikariPool-1 - Start completed.
2026-03-18 23:32:27,066 WARN o.h.e.j.d.i.DialectFactoryImpl [main] HHH90000025: MySQLDialect does not need to be specified explicitly using 'hibernate.dialect' (remove the property setting and it will be selected by default)
2026-03-18 23:32:27,088 INFO o.h.e.j.e.i.JdbcEnvironmentInitiator [main] HHH10001005: Database info:
	Database JDBC URL [jdbc:mysql://localhost:3306/book?createDatabaseIfNotExist=true]
	Database driver: MySQL Connector/J
	Database dialect: MySQLDialect
	Database version: 8.0.44
	Default catalog/schema: book/undefined
	Autocommit mode: undefined/unknown
	Isolation level: REPEATABLE_READ [default REPEATABLE_READ]
	JDBC fetch size: none
	Pool: DataSourceConnectionProvider
	Minimum pool size: undefined/unknown
	Maximum pool size: undefined/unknown
2026-03-18 23:32:28,190 INFO o.h.e.t.j.p.i.JtaPlatformInitiator [main] HHH000489: No JTA platform available (set 'hibernate.transaction.jta.platform' to enable JTA platform integration)
2026-03-18 23:32:28,206 INFO o.s.o.j.AbstractEntityManagerFactoryBean [main] Initialized JPA EntityManagerFactory for persistence unit 'default'
2026-03-18 23:32:28,314 INFO o.s.d.j.r.q.QueryEnhancerFactories [main] Hibernate is in classpath; If applicable, HQL parser will be used.
2026-03-18 23:32:29,370 WARN o.s.b.j.a.JpaBaseConfiguration$JpaWebConfiguration [main] spring.jpa.open-in-view is enabled by default. Therefore, database queries may be performed during view rendering. Explicitly configure spring.jpa.open-in-view to disable this warning
2026-03-18 23:32:30,078 INFO o.s.b.a.e.w.EndpointLinksResolver [main] Exposing 13 endpoints beneath base path '/actuator'
2026-03-18 23:32:30,179 INFO o.a.j.l.DirectJDKLog [main] Starting ProtocolHandler ["http-nio-8080"]
2026-03-18 23:32:30,203 INFO o.s.b.t.TomcatWebServer [main] Tomcat started on port 8080 (http) with context path '/'
2026-03-18 23:32:30,215 INFO o.s.b.StartupInfoLogger [main] Started DataJpaBooksProjectApplication in 7.479 seconds (process running for 8.644)
2026-03-18 23:32:30,972 INFO o.a.j.l.DirectJDKLog [RMI TCP Connection(5)-127.0.0.1] Initializing Spring DispatcherServlet 'dispatcherServlet'
2026-03-18 23:32:30,972 INFO o.s.w.s.FrameworkServlet [RMI TCP Connection(5)-127.0.0.1] Initializing Servlet 'dispatcherServlet'
2026-03-18 23:32:30,975 INFO o.s.w.s.FrameworkServlet [RMI TCP Connection(5)-127.0.0.1] Completed initialization in 3 ms
